        -:    0:Source:rcpp_objective_runtime.cpp
        -:    0:Graph:./rcpp_objective_runtime.gcno
        -:    0:Data:./rcpp_objective_runtime.gcda
        -:    0:Runs:22
        -:    1:#include "Package.h"
        -:    2:#include "OptimizationProblem.h"
        -:    3:
        -:    4:#include <algorithm> // std::fill
        -:    5:#include <cmath>     // std::isfinite
        -:    6:
        -:    7:// [[Rcpp::export]]
     8527:    8:Rcpp::List rcpp_reset_objective(SEXP x, std::string modelsense = "") {
     8527:    9:  Rcpp::XPtr<OptimizationProblem> op = Rcpp::as<Rcpp::XPtr<OptimizationProblem>>(x);
        -:   10:
     8527:   11:  if (!modelsense.empty()) {
    8527*:   12:    if (modelsense != "min" && modelsense != "max") Rcpp::stop("modelsense must be 'min' or 'max'.");
     8527:   13:    op->_modelsense = modelsense;
        -:   14:  }
        -:   15:
     8527:   16:  std::fill(op->_obj.begin(), op->_obj.end(), 0.0);
        -:   17:
        -:   18:
    25581:   19:  return Rcpp::List::create(Rcpp::Named("ok") = true);
     8527:   20:}
        -:   21:
        -:   22:
        -:   23:// [[Rcpp::export]]
    #####:   24:void rcpp_add_to_objective(SEXP x,
        -:   25:                           Rcpp::IntegerVector ind,   // 1-based indices from R
        -:   26:                           Rcpp::NumericVector val) {
    #####:   27:  Rcpp::XPtr<OptimizationProblem> op = Rcpp::as<Rcpp::XPtr<OptimizationProblem>>(x);
        -:   28:
    #####:   29:  if (op->ncol_used() == 0) {
    #####:   30:    Rcpp::stop("Model has zero variables. Build base variables first.");
        -:   31:  }
        -:   32:
    #####:   33:  if (ind.size() != val.size()) {
    #####:   34:    Rcpp::stop("ind and val must have the same length.");
        -:   35:  }
        -:   36:
    #####:   37:  const std::size_t n_used = op->ncol_used();
        -:   38:
    #####:   39:  for (R_xlen_t k = 0; k < ind.size(); ++k) {
    #####:   40:    const int j1 = ind[k];
    #####:   41:    const double v = val[k];
        -:   42:
    #####:   43:    if (j1 == NA_INTEGER) Rcpp::stop("ind contains NA.");
        -:   44:
    #####:   45:    if (!Rcpp::NumericVector::is_na(v) && !std::isfinite(v)) {
    #####:   46:      Rcpp::stop("val contains non-finite values.");
        -:   47:    }
        -:   48:
    #####:   49:    if (j1 < 1 || (std::size_t)j1 > n_used) {
    #####:   50:      Rcpp::stop("ind out of range (1..ncol_used).");
        -:   51:    }
        -:   52:
    #####:   53:    op->_obj[(std::size_t)j1 - 1] += v; // 1-based -> 0-based
        -:   54:  }
    #####:   55:}
        -:   56:
        -:   57:// [[Rcpp::export]]
    #####:   58:void rcpp_add_to_objective_scalar(SEXP x, int ind1, double val) {
    #####:   59:  Rcpp::XPtr<OptimizationProblem> op = Rcpp::as<Rcpp::XPtr<OptimizationProblem>>(x);
        -:   60:
    #####:   61:  if (op->ncol_used() == 0) {
    #####:   62:    Rcpp::stop("Model has zero variables. Build base variables first.");
        -:   63:  }
        -:   64:
    #####:   65:  const std::size_t n_used = op->ncol_used();
        -:   66:
    #####:   67:  if (ind1 < 1 || (std::size_t)ind1 > n_used) {
    #####:   68:    Rcpp::stop("ind out of range (1..ncol_used).");
        -:   69:  }
    #####:   70:  if (!std::isfinite(val)) Rcpp::stop("val must be finite.");
        -:   71:
    #####:   72:  op->_obj[(std::size_t)ind1 - 1] += val;
    #####:   73:}
