        -:    0:Source:rcpp_add_objective_min_loss.cpp
        -:    0:Graph:./rcpp_add_objective_min_loss.gcno
        -:    0:Data:./rcpp_add_objective_min_loss.gcda
        -:    0:Runs:22
        -:    1:#include "Package.h"
        -:    2:#include "OptimizationProblem.h"
        -:    3:
        -:    4:#include <string>
        -:    5:#include <cmath>
        -:    6:#include <vector>
        -:    7:
        -:    8:// [[Rcpp::export]]
       13:    9:Rcpp::List rcpp_add_objective_min_loss(
        -:   10:    SEXP x,
        -:   11:    Rcpp::NumericVector coef_x,
        -:   12:    double weight = 1.0,
        -:   13:    double weight_multiplier = 1.0,
        -:   14:    std::string block_name = "objective_add_min_loss",
        -:   15:    std::string tag = ""
        -:   16:) {
       13:   17:  Rcpp::XPtr<OptimizationProblem> op = Rcpp::as<Rcpp::XPtr<OptimizationProblem>>(x);
        -:   18:
      13*:   19:  if (op->ncol_used() == 0 || op->_obj.empty()) {
    #####:   20:    Rcpp::stop("Model has zero variables. Build base variables first.");
        -:   21:  }
        -:   22:
      13*:   23:  if (!std::isfinite(weight) || weight < 0.0) {
    #####:   24:    Rcpp::stop("weight must be finite and >= 0.");
        -:   25:  }
      13*:   26:  if (!std::isfinite(weight_multiplier) || weight_multiplier < 0.0) {
    #####:   27:    Rcpp::stop("weight_multiplier must be finite and >= 0.");
        -:   28:  }
       13:   29:  if (weight == 0.0) {
        -:   30:    return Rcpp::List::create(
    #####:   31:      Rcpp::Named("ok") = true,
    #####:   32:      Rcpp::Named("skipped") = true,
    #####:   33:      Rcpp::Named("reason") = "weight==0"
    #####:   34:    );
        -:   35:  }
        -:   36:
       13:   37:  if (op->_n_x <= 0) {
        -:   38:    return Rcpp::List::create(
    #####:   39:      Rcpp::Named("ok") = true,
    #####:   40:      Rcpp::Named("skipped") = true,
    #####:   41:      Rcpp::Named("reason") = "op->_n_x == 0 (no x variables)"
    #####:   42:    );
        -:   43:  }
        -:   44:
       13:   45:  const int n_x = op->_n_x;
       13:   46:  if (coef_x.size() != n_x) {
    #####:   47:    Rcpp::stop(
    #####:   48:      "coef_x length mismatch: coef_x.size()=" + std::to_string((int)coef_x.size()) +
    #####:   49:        " but op->_n_x=" + std::to_string(n_x) + "."
        -:   50:    );
        -:   51:  }
        -:   52:
       13:   53:  const int x0 = op->_x_offset;
       13:   54:  const int x1 = op->_x_offset + op->_n_x;
        -:   55:
      13*:   56:  if (x0 < 0 || x1 > (int)op->_obj.size()) {
    #####:   57:    Rcpp::stop("x block out of bounds: check op->_x_offset/op->_n_x.");
        -:   58:  }
        -:   59:
       13:   60:  const double scale = weight * weight_multiplier;
        -:   61:
       13:   62:  int nnz_added = 0;
       13:   63:  double sum_added = 0.0;
        -:   64:
      117:   65:  for (int i = 0; i < n_x; ++i) {
      104:   66:    const double v = (double)coef_x[i];
      104:   67:    if (!std::isfinite(v) || v == 0.0) continue;
        -:   68:
       39:   69:    const double coef = scale * v;
       39:   70:    op->_obj[(std::size_t)(x0 + i)] += coef;
        -:   71:
       39:   72:    sum_added += coef;
       39:   73:    ++nnz_added;
        -:   74:  }
        -:   75:
       13:   76:  std::string full_tag = tag;
      13*:   77:  if (!full_tag.empty()) full_tag += ";";
        -:   78:  full_tag +=
        -:   79:    "kind=objective_add"
        -:   80:    ";component=min_loss"
       26:   81:    ";weight=" + std::to_string(weight) +
       52:   82:      ";multiplier=" + std::to_string(weight_multiplier) +
       52:   83:      ";n_x=" + std::to_string(n_x) +
       52:   84:      ";nnz_added=" + std::to_string(nnz_added) +
       52:   85:      ";sum_added=" + std::to_string(sum_added) +
       13:   86:      ";additive=TRUE";
        -:   87:
       13:   88:  const std::size_t bid = op->register_objective_block(
        -:   89:    block_name,
        -:   90:    (std::size_t)x0,
        -:   91:    (std::size_t)x1,
        -:   92:    full_tag
        -:   93:  );
        -:   94:
        -:   95:  return Rcpp::List::create(
       39:   96:    Rcpp::Named("ok") = true,
       39:   97:    Rcpp::Named("block_id") = (double)bid,
       26:   98:    Rcpp::Named("block_name") = block_name,
       26:   99:    Rcpp::Named("tag") = full_tag,
       26:  100:    Rcpp::Named("x_offset") = x0,
       26:  101:    Rcpp::Named("n_x") = n_x,
       26:  102:    Rcpp::Named("nnz_added") = nnz_added,
       26:  103:    Rcpp::Named("sum_added") = sum_added
       13:  104:  );
       13:  105:}
