        -:    0:Source:C:/Users/Y6026159N/AppData/Local/R/win-library/4.4/Rcpp/include/Rcpp/internal/wrap.h
        -:    0:Graph:./OptimizationProblem.gcno
        -:    0:Data:./OptimizationProblem.gcda
        -:    0:Runs:22
        -:    1:// -*- mode: C++; c-indent-level: 4; c-basic-offset: 4; indent-tabs-mode: nil; -*-
        -:    2:/* :tabSize=4:indentSize=4:noTabs=false:folding=explicit:collapseFolds=1: */
        -:    3://
        -:    4:// wrap.h: Rcpp R/C++ interface class library -- wrap implementations
        -:    5://
        -:    6:// Copyright (C) 2010 - 2017  Dirk Eddelbuettel and Romain Francois
        -:    7://
        -:    8:// This file is part of Rcpp.
        -:    9://
        -:   10:// Rcpp is free software: you can redistribute it and/or modify it
        -:   11:// under the terms of the GNU General Public License as published by
        -:   12:// the Free Software Foundation, either version 2 of the License, or
        -:   13:// (at your option) any later version.
        -:   14://
        -:   15:// Rcpp is distributed in the hope that it will be useful, but
        -:   16:// WITHOUT ANY WARRANTY; without even the implied warranty of
        -:   17:// MERCHANTABILITY or FITNESS FOR A PARTICULAR PURPOSE.  See the
        -:   18:// GNU General Public License for more details.
        -:   19://
        -:   20:// You should have received a copy of the GNU General Public License
        -:   21:// along with Rcpp.  If not, see <http://www.gnu.org/licenses/>.
        -:   22:
        -:   23:#ifndef Rcpp_internal_wrap_h
        -:   24:#define Rcpp_internal_wrap_h
        -:   25:
        -:   26:#include <iterator>
        -:   27:
        -:   28:// this is a private header, included in RcppCommon.h
        -:   29:// don't include it directly
        -:   30:
        -:   31:namespace Rcpp {
        -:   32:
        -:   33:    namespace RcppEigen {
        -:   34:        template <typename T> SEXP eigen_wrap(const T& object);
        -:   35:    }
        -:   36:
        -:   37:    template <typename T> SEXP wrap(const T& object);
        -:   38:
        -:   39:    template <typename T> class CustomImporter;
        -:   40:
        -:   41:    namespace internal {
        -:   42:
        -:   43:        inline SEXP make_charsexp__impl__wstring(const wchar_t* data) {
        -:   44:            char* buffer = get_string_buffer();
        -:   45:            wcstombs(buffer, data, MAXELTSIZE);
        -:   46:            return Rf_mkChar(buffer);
        -:   47:        }
        -:   48:        inline SEXP make_charsexp__impl__wstring(wchar_t data) {
        -:   49:            wchar_t x[2]; x[0] = data; x[1] = '\0';
        -:   50:            char* buffer = get_string_buffer();
        -:   51:            wcstombs(buffer, x, MAXELTSIZE);
        -:   52:            return Rf_mkChar(buffer);
        -:   53:        }
        -:   54:        inline SEXP make_charsexp__impl__wstring(const std::wstring& st) {
        -:   55:            return make_charsexp__impl__wstring(st.data());
        -:   56:        }
  1007969:   57:        inline SEXP make_charsexp__impl__cstring(const char* data) {
  1007969:   58:            return Rf_mkChar(data);
        -:   59:        }
        -:   60:    	inline SEXP make_charsexp__impl__cstring(char data) {
        -:   61:            char x[2]; x[0] = data; x[1] = '\0';
        -:   62:            return Rf_mkChar(x);
        -:   63:        }
        -:   64:
  1007969:   65:    	inline SEXP make_charsexp__impl__cstring(const std::string& st) {
  1007969:   66:            return make_charsexp__impl__cstring(st.c_str());
        -:   67:        }
        -:   68:
        -:   69:#if __cplusplus >= 201703L
        -:   70:        inline SEXP make_charsexp__impl__cstring(std::string_view st) {
        -:   71:            return Rf_mkCharLen(st.data(), static_cast<int>(st.size()));
        -:   72:        }
        -:   73:#endif
        -:   74:
        -:   75:    	template <typename T>
        -:   76:    	inline SEXP make_charsexp__impl(const T& s, Rcpp::traits::true_type) {
        -:   77:            return make_charsexp__impl__wstring(s);
        -:   78:        }
        -:   79:
        -:   80:    	template <typename T>
  1007969:   81:        inline SEXP make_charsexp__impl(const T& s, Rcpp::traits::false_type) {
  1007969:   82:            return make_charsexp__impl__cstring(s);
        -:   83:        }
        -:   84:
        -:   85:	template <typename T>
  1007969:   86:	inline SEXP make_charsexp(const T& s) {
  1007969:   87:            return make_charsexp__impl<T>(s, typename Rcpp::traits::is_wide_string<T>::type());
        -:   88:	}
        -:   89:	template <>
        -:   90:	inline SEXP make_charsexp<Rcpp::String>(const Rcpp::String&);
        -:   91:
        -:   92:	template <typename InputIterator> SEXP range_wrap(InputIterator first, InputIterator last);
        -:   93:	template <typename InputIterator> SEXP rowmajor_wrap(InputIterator first, int nrow, int ncol);
        -:   94:
        -:   95:    	// {{{ range wrap
        -:   96:    	// {{{ unnamed range wrap
        -:   97:
        -:   98:    	/**
        -:   99:         * Range based primitive wrap implementation. used when
        -:  100:         * - T is a primitive type, indicated by the r_type_traits
        -:  101:         * - T needs a static_cast to be of the type suitable to fit in the R vector
        -:  102:         *
        -:  103:         * This produces an unnamed vector of the appropriate type using the
        -:  104:         * std::transform algorithm
        -:  105:         */
        -:  106:    	template <typename InputIterator, typename T>
    22176:  107:        inline SEXP primitive_range_wrap__impl(InputIterator first, InputIterator last,
        -:  108:                                               ::Rcpp::traits::true_type) {
    22176:  109:            size_t size = std::distance(first, last);
    22176:  110:            const int RTYPE = ::Rcpp::traits::r_sexptype_traits<T>::rtype;
    22176:  111:            Shield<SEXP> x(Rf_allocVector(RTYPE, size));
    22176:  112:            std::transform(first, last, r_vector_start<RTYPE>(x), caster< T,
        -:  113:                           typename ::Rcpp::traits::storage_type<RTYPE>::type >);
    44352:  114:            return wrap_extra_steps<T>(x);
    22176:  115:        }
        -:  116:
        -:  117:    	template <typename InputIterator, typename T>
    80424:  118:        inline SEXP primitive_range_wrap__impl__nocast(InputIterator first, InputIterator last,
        -:  119:                                                       std::random_access_iterator_tag) {
    80424:  120:            size_t size = std::distance(first, last);
    80424:  121:            const int RTYPE = ::Rcpp::traits::r_sexptype_traits<T>::rtype;
    80424:  122:            Shield<SEXP> x(Rf_allocVector(RTYPE, size));
        -:  123:
        -:  124:            typedef typename ::Rcpp::traits::storage_type<RTYPE>::type STORAGE;
    80424:  125:            R_xlen_t __trip_count = size >> 2;
    80424:  126:            STORAGE* start = r_vector_start<RTYPE>(x);
    80424:  127:            R_xlen_t i = 0;
   365021:  128:            for (; __trip_count > 0; --__trip_count) {
   284597:  129:                start[i] = first[i]; i++;
   284597:  130:                start[i] = first[i]; i++;
   284597:  131:                start[i] = first[i]; i++;
   284597:  132:                start[i] = first[i]; i++;
        -:  133:            }
    80424:  134:            switch (size - i) {
      765:  135:            case 3:
      765:  136:                start[i] = first[i]; i++;
        -:  137:                // fallthrough
    18628:  138:            case 2:
    18628:  139:                start[i] = first[i]; i++;
        -:  140:                // fallthrough
    20783:  141:            case 1:
    20783:  142:                start[i] = first[i]; i++;
        -:  143:                // fallthrough
    80424:  144:            case 0:
        -:  145:            default:
        -:  146:                {}
        -:  147:            }
        -:  148:
   160848:  149:            return wrap_extra_steps<T>(x);
    80424:  150:        }
        -:  151:
        -:  152:    	template <typename InputIterator, typename T>
        -:  153:        inline SEXP primitive_range_wrap__impl__nocast(InputIterator first, InputIterator last,
        -:  154:                                                       std::input_iterator_tag) {
        -:  155:            size_t size = std::distance(first, last);
        -:  156:            const int RTYPE = ::Rcpp::traits::r_sexptype_traits<T>::rtype;
        -:  157:            Shield<SEXP> x(Rf_allocVector(RTYPE, size));
        -:  158:            std::copy(first, last, r_vector_start<RTYPE>(x));
        -:  159:            return wrap_extra_steps<T>(x);
        -:  160:        }
        -:  161:
        -:  162:    	/**
        -:  163:         * Range based primitive wrap implementation. used when :
        -:  164:         * - T is a primitive type
        -:  165:         * - T does not need a cast
        -:  166:         *
        -:  167:         * This produces an unnamed vector of the appropriate type using
        -:  168:         * the std::copy algorithm
        -:  169:         */
        -:  170:    	template <typename InputIterator, typename T>
    80424:  171:        inline SEXP primitive_range_wrap__impl(InputIterator first, InputIterator last,
        -:  172:                                               ::Rcpp::traits::false_type) {
    80424:  173:            return primitive_range_wrap__impl__nocast<InputIterator,T>(first, last, typename std::iterator_traits<InputIterator>::iterator_category());
        -:  174:        }
        -:  175:
        -:  176:
        -:  177:    	/**
        -:  178:         * Range based wrap implementation that deals with iterator over
        -:  179:         * primitive types (int, double, etc ...)
        -:  180:         *
        -:  181:         * This produces an unnamed vector of the appropriate type
        -:  182:         */
        -:  183:    	template <typename InputIterator, typename T>
   102600:  184:        inline SEXP range_wrap_dispatch___impl(InputIterator first, InputIterator last, ::Rcpp::traits::r_type_primitive_tag) {
   102600:  185:            return primitive_range_wrap__impl<InputIterator,T>(first, last, typename ::Rcpp::traits::r_sexptype_needscast<T>());
        -:  186:        }
------------------
_ZN4Rcpp8internal26range_wrap_dispatch___implIN9__gnu_cxx17__normal_iteratorIPKdSt6vectorIdSaIdEEEEdEEP7SEXPRECT_SC_NS_6traits20r_type_primitive_tagE:
    80424:  184:        inline SEXP range_wrap_dispatch___impl(InputIterator first, InputIterator last, ::Rcpp::traits::r_type_primitive_tag) {
    80424:  185:            return primitive_range_wrap__impl<InputIterator,T>(first, last, typename ::Rcpp::traits::r_sexptype_needscast<T>());
        -:  186:        }
------------------
_ZN4Rcpp8internal26range_wrap_dispatch___implIN9__gnu_cxx17__normal_iteratorIPKySt6vectorIySaIyEEEEyEEP7SEXPRECT_SC_NS_6traits20r_type_primitive_tagE:
    22176:  184:        inline SEXP range_wrap_dispatch___impl(InputIterator first, InputIterator last, ::Rcpp::traits::r_type_primitive_tag) {
    22176:  185:            return primitive_range_wrap__impl<InputIterator,T>(first, last, typename ::Rcpp::traits::r_sexptype_needscast<T>());
        -:  186:        }
------------------
        -:  187:
        -:  188:    	/**
        -:  189:         * range based wrap implementation that deals with iterators over
        -:  190:         * some type U. each U object is itself wrapped
        -:  191:         *
        -:  192:         * This produces an unnamed generic vector (list)
        -:  193:         */
        -:  194:    	template <typename InputIterator, typename T>
        -:  195:        inline SEXP range_wrap_dispatch___generic(InputIterator first, InputIterator last) {
        -:  196:            size_t size = std::distance(first, last);
        -:  197:            Shield<SEXP> x(Rf_allocVector(VECSXP, size));
        -:  198:            size_t i =0;
        -:  199:            while(i < size) {
        -:  200:                SET_VECTOR_ELT(x, i, ::Rcpp::wrap(*first));
        -:  201:		i++;
        -:  202:		++first;
        -:  203:            }
        -:  204:            return x;
        -:  205:        }
        -:  206:
        -:  207:    	template <typename InputIterator, typename T>
        -:  208:        inline SEXP range_wrap_dispatch___impl(InputIterator first, InputIterator last, ::Rcpp::traits::r_type_generic_tag) {
        -:  209:            return range_wrap_dispatch___generic<InputIterator, T>(first, last);
        -:  210:        }
        -:  211:
        -:  212:    	// modules
        -:  213:    	template <typename InputIterator, typename T>
        -:  214:        inline SEXP range_wrap_dispatch___impl(InputIterator first, InputIterator last, ::Rcpp::traits::r_type_module_object_pointer_tag) {
        -:  215:            return range_wrap_dispatch___generic<InputIterator, T>(first, last);
        -:  216:        }
        -:  217:    	template <typename InputIterator, typename T>
        -:  218:        inline SEXP range_wrap_dispatch___impl(InputIterator first, InputIterator last, ::Rcpp::traits::r_type_module_object_const_pointer_tag) {
        -:  219:            return range_wrap_dispatch___generic<InputIterator, T>(first, last);
        -:  220:        }
        -:  221:        template <typename InputIterator, typename T>
        -:  222:        inline SEXP range_wrap_dispatch___impl(InputIterator first, InputIterator last, ::Rcpp::traits::r_type_module_object_tag) {
        -:  223:            return range_wrap_dispatch___generic<InputIterator, T>(first, last);
        -:  224:        }
        -:  225:	template <typename InputIterator, typename T>
        -:  226:        inline SEXP range_wrap_dispatch___impl(InputIterator first, InputIterator last, ::Rcpp::traits::r_type_module_object_reference_tag) {
        -:  227:            return range_wrap_dispatch___generic<InputIterator, T>(first, last);
        -:  228:        }
        -:  229:    	template <typename InputIterator, typename T>
        -:  230:        inline SEXP range_wrap_dispatch___impl(InputIterator first, InputIterator last, ::Rcpp::traits::r_type_module_object_const_reference_tag) {
        -:  231:            return range_wrap_dispatch___generic<InputIterator, T>(first, last);
        -:  232:        }
        -:  233:
        -:  234:
        -:  235:
        -:  236:    	/**
        -:  237:         * Range based wrap implementation for iterators over std::string
        -:  238:         *
        -:  239:         * This produces an unnamed character vector
        -:  240:         */
        -:  241:    	template<typename InputIterator, typename T>
    33264:  242:        inline SEXP range_wrap_dispatch___impl(InputIterator first, InputIterator last, ::Rcpp::traits::r_type_string_tag) {
    33264:  243:            size_t size = std::distance(first, last);
    33264:  244:            Shield<SEXP> x(Rf_allocVector(STRSXP, size));
    33264:  245:            size_t i = 0;
   608691:  246:            while(i < size) {
   575427:  247:		SET_STRING_ELT(x, i, make_charsexp(*first));
   575427:  248:		i++;
   575427:  249:		++first;
        -:  250:            }
    66528:  251:            return x;
    33264:  252:        }
        -:  253:
        -:  254:    	// }}}
        -:  255:
        -:  256:    	// {{{ named range wrap
        -:  257:
        -:  258:    	/**
        -:  259:         * range based wrap implementation that deals with iterators over
        -:  260:         * pair<const string,T> where T is a primitive type : int, double ...
        -:  261:         *
        -:  262:         * This version is used when there is no need to cast T
        -:  263:         *
        -:  264:         * This produces a named R vector of the appropriate type
        -:  265:         */
        -:  266:    	template <typename InputIterator, typename T> 		// #nocov start
        -:  267:        inline SEXP range_wrap_dispatch___impl__cast(InputIterator first, InputIterator last, ::Rcpp::traits::false_type) {
        -:  268:            size_t size = std::distance(first, last);
        -:  269:            const int RTYPE = ::Rcpp::traits::r_sexptype_traits<typename T::second_type>::rtype;
        -:  270:            Shield<SEXP> x(Rf_allocVector(RTYPE, size));
        -:  271:            Shield<SEXP> names(Rf_allocVector(STRSXP, size));
        -:  272:            typedef typename ::Rcpp::traits::storage_type<RTYPE>::type CTYPE;
        -:  273:            CTYPE* start = r_vector_start<RTYPE>(x);
        -:  274:            size_t i =0;
        -:  275:            std::string buf;
        -:  276:            for (; i<size; i++, ++first) {
        -:  277:		start[i] = (*first).second;
        -:  278:		buf = (*first).first;
        -:  279:		SET_STRING_ELT(names, i, Rf_mkChar(buf.c_str()));
        -:  280:            }
        -:  281:            ::Rf_setAttrib(x, R_NamesSymbol, names);
        -:  282:            return wrap_extra_steps<T>(x); 		// #nocov end
        -:  283:        }
        -:  284:
        -:  285:    	/**
        -:  286:         * range based wrap implementation that deals with iterators over
        -:  287:         * pair<const string,T> where T is a primitive type : int, double ...
        -:  288:         *
        -:  289:         * This version is used when T needs to be cast to the associated R
        -:  290:         * type
        -:  291:         *
        -:  292:         * This produces a named R vector of the appropriate type
        -:  293:         */
        -:  294:    	template <typename InputIterator, typename T>
        -:  295:        inline SEXP range_wrap_dispatch___impl__cast(InputIterator first, InputIterator last, ::Rcpp::traits::true_type) {
        -:  296:            size_t size = std::distance(first, last);
        -:  297:            const int RTYPE = ::Rcpp::traits::r_sexptype_traits<typename T::second_type>::rtype;
        -:  298:            Shield<SEXP> x(Rf_allocVector(RTYPE, size));
        -:  299:            Shield<SEXP> names(Rf_allocVector(STRSXP, size));
        -:  300:            typedef typename ::Rcpp::traits::storage_type<RTYPE>::type CTYPE;
        -:  301:            CTYPE* start = r_vector_start<RTYPE>(x);
        -:  302:            size_t i =0;
        -:  303:            std::string buf;
        -:  304:            for (; i<size; i++, ++first) {
        -:  305:		start[i] = static_cast<CTYPE>(first->second);
        -:  306:		buf = first->first;
        -:  307:		SET_STRING_ELT(names, i, Rf_mkChar(buf.c_str()));
        -:  308:            }
        -:  309:            ::Rf_setAttrib(x, R_NamesSymbol, names);
        -:  310:            return wrap_extra_steps<T>(x);
        -:  311:        }
        -:  312:
        -:  313:
        -:  314:    	/**
        -:  315:         * range based wrap implementation that deals with iterators over
        -:  316:         * pair<const string,T> where T is a primitive type : int, double ...
        -:  317:         *
        -:  318:         * This dispatches further depending on whether the type needs
        -:  319:         * a cast to fit into the associated R type
        -:  320:         *
        -:  321:         * This produces a named R vector of the appropriate type
        -:  322:         */
        -:  323:    	template <typename InputIterator, typename T> 		// #nocov start
        -:  324:        inline SEXP range_wrap_dispatch___impl(InputIterator first, InputIterator last, ::Rcpp::traits::r_type_pairstring_primitive_tag) {
        -:  325:            return range_wrap_dispatch___impl__cast<InputIterator,T>(first, last,
        -:  326:                                                                     typename ::Rcpp::traits::r_sexptype_needscast<typename T::second_type>());
        -:  327:        } 							// #nocov end
        -:  328:
        -:  329:    	/**
        -:  330:         * Range based wrap implementation that deals with iterators over
        -:  331:         * pair<const string, U> where U is wrappable. This is the kind of
        -:  332:         * iterators that are produced by map<string,U>
        -:  333:         *
        -:  334:         * This produces a named generic vector (named list). The first
        -:  335:         * element of the list contains the result of a call to wrap on the
        -:  336:         * object of type U, etc ...
        -:  337:         *
        -:  338:         * The names are taken from the keys
        -:  339:         */
        -:  340:    	template <typename InputIterator, typename T>
        -:  341:        inline SEXP range_wrap_dispatch___impl(InputIterator first, InputIterator last, ::Rcpp::traits::r_type_pairstring_generic_tag) {
        -:  342:            size_t size = std::distance(first, last);
        -:  343:            Shield<SEXP> x(Rf_allocVector(VECSXP, size));
        -:  344:            Shield<SEXP> names(Rf_allocVector(STRSXP, size));
        -:  345:            size_t i =0;
        -:  346:            std::string buf;
        -:  347:            SEXP element = R_NilValue;
        -:  348:            while(i < size) {      				// #nocov start
        -:  349:		element = ::Rcpp::wrap(first->second);
        -:  350:		buf = first->first;
        -:  351:		SET_VECTOR_ELT(x, i, element);
        -:  352:		SET_STRING_ELT(names, i, Rf_mkChar(buf.c_str()));
        -:  353:		i++;
        -:  354:		++first;
        -:  355:            } 							// #nocov end
        -:  356:            ::Rf_setAttrib(x, R_NamesSymbol, names);
        -:  357:            return x;
        -:  358:        }
        -:  359:
        -:  360:
        -:  361:    	/**
        -:  362:         * Range based wrap for iterators over std::pair<const std::(w)?string, std::(w)?string>
        -:  363:         *
        -:  364:         * This is mainly used for wrapping map<string,string> and friends
        -:  365:         * which happens to produce iterators over pair<const string, string>
        -:  366:         *
        -:  367:         * This produces a character vector containing copies of the
        -:  368:         * string iterated over. The names of the vector is set to the keys
        -:  369:         * of the pair
        -:  370:         */
        -:  371:    	template<typename InputIterator, typename T>
        -:  372:        inline SEXP range_wrap_dispatch___impl(InputIterator first, InputIterator last, ::Rcpp::traits::r_type_pairstring_string_tag) {
        -:  373:            size_t size = std::distance(first, last);
        -:  374:            Shield<SEXP> x(Rf_allocVector(STRSXP, size));
        -:  375:            Shield<SEXP> names(Rf_allocVector(STRSXP, size));
        -:  376:            for (size_t i = 0; i < size; i++, ++first) {
        -:  377:		SET_STRING_ELT(x, i, make_charsexp(first->second));
        -:  378:		SET_STRING_ELT(names, i, make_charsexp(first->first));
        -:  379:            }
        -:  380:            ::Rf_setAttrib(x, R_NamesSymbol, names);
        -:  381:            return x;
        -:  382:        }
        -:  383:
        -:  384:    	/**
        -:  385:         * iterating over pair<const int, VALUE>
        -:  386:         * where VALUE is some primitive type
        -:  387:         */
        -:  388:    	template <typename InputIterator, typename KEY, typename VALUE, int RTYPE>
        -:  389:        inline SEXP range_wrap_dispatch___impl__pair(InputIterator first, InputIterator last, Rcpp::traits::true_type);
        -:  390:
        -:  391:    	/**
        -:  392:         * iterating over pair<const int, VALUE>
        -:  393:         * where VALUE is a type that needs wrapping
        -:  394:         */
        -:  395:    	template <typename InputIterator, typename KEY, typename VALUE, int RTYPE>
        -:  396:        inline SEXP range_wrap_dispatch___impl__pair(InputIterator first, InputIterator last, Rcpp::traits::false_type);
        -:  397:
        -:  398:
        -:  399:    	/**
        -:  400:         * Range wrap dispatch for iterators over std::pair<const int, T>
        -:  401:         */
        -:  402:    	template<typename InputIterator, typename T>
        -:  403:        inline SEXP range_wrap_dispatch___impl(InputIterator first, InputIterator last, ::Rcpp::traits::r_type_pair_tag) {
        -:  404:            typedef typename T::second_type VALUE;
        -:  405:            typedef typename T::first_type KEY;
        -:  406:
        -:  407:            return range_wrap_dispatch___impl__pair<InputIterator, KEY, VALUE,
        -:  408:                                                    Rcpp::traits::r_sexptype_traits<VALUE>::rtype >(first, last,
        -:  409:                                                                                                    typename Rcpp::traits::is_primitive<VALUE>::type());
        -:  410:        }
        -:  411:
        -:  412:    	// }}}
        -:  413:
        -:  414:    	/**
        -:  415:         * Dispatcher for all range based wrap implementations
        -:  416:         *
        -:  417:         * This uses the Rcpp::traits::r_type_traits to perform further dispatch
        -:  418:         */
        -:  419:    	template<typename InputIterator, typename T>
   135864:  420:        inline SEXP range_wrap_dispatch(InputIterator first, InputIterator last) {
        -:  421:	#if RCPP_DEBUG_LEVEL > 0
        -:  422:            typedef typename ::Rcpp::traits::r_type_traits<T>::r_category categ;
        -:  423:	#endif
        -:  424:            RCPP_DEBUG_3("range_wrap_dispatch< InputIterator = \n%s , T = %s, categ = %s>\n", DEMANGLE(InputIterator), DEMANGLE(T), DEMANGLE(categ));
   135864:  425:            return range_wrap_dispatch___impl<InputIterator,T>(first, last, typename ::Rcpp::traits::r_type_traits<T>::r_category());
        -:  426:        }
------------------
_ZN4Rcpp8internal19range_wrap_dispatchIN9__gnu_cxx17__normal_iteratorIPKdSt6vectorIdSaIdEEEEdEEP7SEXPRECT_SC_:
    80424:  420:        inline SEXP range_wrap_dispatch(InputIterator first, InputIterator last) {
        -:  421:	#if RCPP_DEBUG_LEVEL > 0
        -:  422:            typedef typename ::Rcpp::traits::r_type_traits<T>::r_category categ;
        -:  423:	#endif
        -:  424:            RCPP_DEBUG_3("range_wrap_dispatch< InputIterator = \n%s , T = %s, categ = %s>\n", DEMANGLE(InputIterator), DEMANGLE(T), DEMANGLE(categ));
    80424:  425:            return range_wrap_dispatch___impl<InputIterator,T>(first, last, typename ::Rcpp::traits::r_type_traits<T>::r_category());
        -:  426:        }
------------------
_ZN4Rcpp8internal19range_wrap_dispatchIN9__gnu_cxx17__normal_iteratorIPKySt6vectorIySaIyEEEEyEEP7SEXPRECT_SC_:
    22176:  420:        inline SEXP range_wrap_dispatch(InputIterator first, InputIterator last) {
        -:  421:	#if RCPP_DEBUG_LEVEL > 0
        -:  422:            typedef typename ::Rcpp::traits::r_type_traits<T>::r_category categ;
        -:  423:	#endif
        -:  424:            RCPP_DEBUG_3("range_wrap_dispatch< InputIterator = \n%s , T = %s, categ = %s>\n", DEMANGLE(InputIterator), DEMANGLE(T), DEMANGLE(categ));
    22176:  425:            return range_wrap_dispatch___impl<InputIterator,T>(first, last, typename ::Rcpp::traits::r_type_traits<T>::r_category());
        -:  426:        }
------------------
_ZN4Rcpp8internal19range_wrap_dispatchIN9__gnu_cxx17__normal_iteratorIPKNSt7__cxx1112basic_stringIcSt11char_traitsIcESaIcEEESt6vectorIS9_SaIS9_EEEES9_EEP7SEXPRECT_SI_:
    33264:  420:        inline SEXP range_wrap_dispatch(InputIterator first, InputIterator last) {
        -:  421:	#if RCPP_DEBUG_LEVEL > 0
        -:  422:            typedef typename ::Rcpp::traits::r_type_traits<T>::r_category categ;
        -:  423:	#endif
        -:  424:            RCPP_DEBUG_3("range_wrap_dispatch< InputIterator = \n%s , T = %s, categ = %s>\n", DEMANGLE(InputIterator), DEMANGLE(T), DEMANGLE(categ));
    33264:  425:            return range_wrap_dispatch___impl<InputIterator,T>(first, last, typename ::Rcpp::traits::r_type_traits<T>::r_category());
        -:  426:        }
------------------
        -:  427:
        -:  428:    	// we use the iterator trait to make the dispatch
        -:  429:    	/**
        -:  430:         * range based wrap. This uses the std::iterator_traits class
        -:  431:         * to perform further dispatch
        -:  432:         */
        -:  433:    	template <typename InputIterator>
   135864:  434:        inline SEXP range_wrap(InputIterator first, InputIterator last) {
   135864:  435:            return range_wrap_dispatch<InputIterator,typename traits::remove_reference<typename std::iterator_traits<InputIterator>::value_type>::type >(first, last);
        -:  436:        }
------------------
_ZN4Rcpp8internal10range_wrapIN9__gnu_cxx17__normal_iteratorIPKdSt6vectorIdSaIdEEEEEEP7SEXPRECT_SC_:
    80424:  434:        inline SEXP range_wrap(InputIterator first, InputIterator last) {
    80424:  435:            return range_wrap_dispatch<InputIterator,typename traits::remove_reference<typename std::iterator_traits<InputIterator>::value_type>::type >(first, last);
        -:  436:        }
------------------
_ZN4Rcpp8internal10range_wrapIN9__gnu_cxx17__normal_iteratorIPKySt6vectorIySaIyEEEEEEP7SEXPRECT_SC_:
    22176:  434:        inline SEXP range_wrap(InputIterator first, InputIterator last) {
    22176:  435:            return range_wrap_dispatch<InputIterator,typename traits::remove_reference<typename std::iterator_traits<InputIterator>::value_type>::type >(first, last);
        -:  436:        }
------------------
_ZN4Rcpp8internal10range_wrapIN9__gnu_cxx17__normal_iteratorIPKNSt7__cxx1112basic_stringIcSt11char_traitsIcESaIcEEESt6vectorIS9_SaIS9_EEEEEEP7SEXPRECT_SI_:
    33264:  434:        inline SEXP range_wrap(InputIterator first, InputIterator last) {
    33264:  435:            return range_wrap_dispatch<InputIterator,typename traits::remove_reference<typename std::iterator_traits<InputIterator>::value_type>::type >(first, last);
        -:  436:        }
------------------
        -:  437:    	// }}}
        -:  438:
        -:  439:    	// {{{ primitive wrap (wrapping a single primitive value)
        -:  440:
        -:  441:    	/**
        -:  442:         * wraps a single primitive value when there is no need for a cast
        -:  443:         */
        -:  444:    	template <typename T>
   251484:  445:        inline SEXP primitive_wrap__impl__cast(const T& object, ::Rcpp::traits::false_type) {
   251484:  446:            const int RTYPE = ::Rcpp::traits::r_sexptype_traits<T>::rtype;
   251484:  447:            Shield<SEXP> x(Rf_allocVector(RTYPE, 1));
   251484:  448:            r_vector_start<RTYPE>(x)[0] = object;
   502968:  449:            return x;
   251484:  450:        }
        -:  451:
        -:  452:    	/**
        -:  453:         * wraps a single primitive value when a cast is needed
        -:  454:         */
        -:  455:    	template <typename T>
        -:  456:        inline SEXP primitive_wrap__impl__cast(const T& object, ::Rcpp::traits::true_type) {
        -:  457:            const int RTYPE = ::Rcpp::traits::r_sexptype_traits<T>::rtype;
        -:  458:            typedef typename ::Rcpp::traits::storage_type<RTYPE>::type STORAGE_TYPE;
        -:  459:            Shield<SEXP> x(Rf_allocVector(RTYPE, 1));
        -:  460:            r_vector_start<RTYPE>(x)[0] = caster<T,STORAGE_TYPE>(object);
        -:  461:            return x;
        -:  462:        }
        -:  463:
        -:  464:    	/**
        -:  465:         * primitive wrap for 'easy' primitive types: int, double, Rbyte, Rcomplex
        -:  466:         *
        -:  467:         * This produces a vector of length 1 of the appropriate type
        -:  468:         */
        -:  469:	template <typename T>
   251484:  470:	inline SEXP primitive_wrap__impl(const T& object, ::Rcpp::traits::r_type_primitive_tag) {
   251484:  471:            return primitive_wrap__impl__cast(object, typename ::Rcpp::traits::r_sexptype_needscast<T>());
        -:  472:        }
        -:  473:
        -:  474:	/**
        -:  475:         * primitive wrap for types that can be converted implicitely to std::string or std::wstring
        -:  476:         *
        -:  477:         * This produces a character vector of length 1 containing the std::string or wstring
        -:  478:         */
        -:  479:	template <typename T>
   106337:  480:        inline SEXP primitive_wrap__impl(const T& object, ::Rcpp::traits::r_type_string_tag) {
   106337:  481:            Shield<SEXP> x(::Rf_allocVector(STRSXP, 1));
   106337:  482:            SET_STRING_ELT(x, 0, make_charsexp(object));
   212674:  483:            return x;
   106337:  484:        }
        -:  485:
        -:  486:
        -:  487:	/**
        -:  488:         * called when T is a primitive type : int, bool, double, std::string, etc ...
        -:  489:         * This uses the Rcpp::traits::r_type_traits on the type T to perform
        -:  490:         * further dispatching and wrap the object into an vector of length 1
        -:  491:         * of the appropriate SEXP type
        -:  492:         */
        -:  493:	template <typename T>
   357821:  494:        inline SEXP primitive_wrap(const T& object) {
   357821:  495:            return primitive_wrap__impl(object, typename ::Rcpp::traits::r_type_traits<T>::r_category());
        -:  496:        }
------------------
_ZN4Rcpp8internal14primitive_wrapIiEEP7SEXPRECRKT_:
   251484:  494:        inline SEXP primitive_wrap(const T& object) {
   251484:  495:            return primitive_wrap__impl(object, typename ::Rcpp::traits::r_type_traits<T>::r_category());
        -:  496:        }
------------------
_ZN4Rcpp8internal14primitive_wrapINSt7__cxx1112basic_stringIcSt11char_traitsIcESaIcEEEEEP7SEXPRECRKT_:
   106337:  494:        inline SEXP primitive_wrap(const T& object) {
   106337:  495:            return primitive_wrap__impl(object, typename ::Rcpp::traits::r_type_traits<T>::r_category());
        -:  496:        }
------------------
        -:  497:	// }}}
        -:  498:
        -:  499:	// {{{ unknown
        -:  500:	/**
        -:  501:         * Called when the type T is known to be implicitely convertible to
        -:  502:         * SEXP. It uses the implicit conversion to SEXP to wrap the object
        -:  503:         * into a SEXP
        -:  504:         */
        -:  505:	template <typename T>
   433866:  506:        inline SEXP wrap_dispatch_unknown(const T& object, ::Rcpp::traits::true_type) {
        -:  507:            RCPP_DEBUG_1("wrap_dispatch_unknown<%s>(., false )", DEMANGLE(T))
        -:  508:            // here we know (or assume) that T is convertible to SEXP
   433866:  509:            SEXP x = object;
   433866:  510:            return x;
        -:  511:        }
------------------
_ZN4Rcpp8internal21wrap_dispatch_unknownINS_14DataFrame_ImplINS_15PreserveStorageEEEEEP7SEXPRECRKT_NS_6traits17integral_constantIbLb1EEE:
    11088:  506:        inline SEXP wrap_dispatch_unknown(const T& object, ::Rcpp::traits::true_type) {
        -:  507:            RCPP_DEBUG_1("wrap_dispatch_unknown<%s>(., false )", DEMANGLE(T))
        -:  508:            // here we know (or assume) that T is convertible to SEXP
    11088:  509:            SEXP x = object;
    11088:  510:            return x;
        -:  511:        }
------------------
_ZN4Rcpp8internal21wrap_dispatch_unknownINS_6VectorILi14ENS_15PreserveStorageEEEEEP7SEXPRECRKT_NS_6traits17integral_constantIbLb1EEE:
    77376:  506:        inline SEXP wrap_dispatch_unknown(const T& object, ::Rcpp::traits::true_type) {
        -:  507:            RCPP_DEBUG_1("wrap_dispatch_unknown<%s>(., false )", DEMANGLE(T))
        -:  508:            // here we know (or assume) that T is convertible to SEXP
    77376:  509:            SEXP x = object;
    77376:  510:            return x;
        -:  511:        }
------------------
_ZN4Rcpp8internal21wrap_dispatch_unknownINS_6ShieldIP7SEXPRECEEEES4_RKT_NS_6traits17integral_constantIbLb1EEE:
   112533:  506:        inline SEXP wrap_dispatch_unknown(const T& object, ::Rcpp::traits::true_type) {
        -:  507:            RCPP_DEBUG_1("wrap_dispatch_unknown<%s>(., false )", DEMANGLE(T))
        -:  508:            // here we know (or assume) that T is convertible to SEXP
   112533:  509:            SEXP x = object;
   112533:  510:            return x;
        -:  511:        }
------------------
_ZN4Rcpp8internal21wrap_dispatch_unknownINS_6VectorILi19ENS_15PreserveStorageEEEEEP7SEXPRECRKT_NS_6traits17integral_constantIbLb1EEE:
   112533:  506:        inline SEXP wrap_dispatch_unknown(const T& object, ::Rcpp::traits::true_type) {
        -:  507:            RCPP_DEBUG_1("wrap_dispatch_unknown<%s>(., false )", DEMANGLE(T))
        -:  508:            // here we know (or assume) that T is convertible to SEXP
   112533:  509:            SEXP x = object;
   112533:  510:            return x;
        -:  511:        }
------------------
_ZN4Rcpp8internal21wrap_dispatch_unknownINS_6VectorILi16ENS_15PreserveStorageEEEEEP7SEXPRECRKT_NS_6traits17integral_constantIbLb1EEE:
    33348:  506:        inline SEXP wrap_dispatch_unknown(const T& object, ::Rcpp::traits::true_type) {
        -:  507:            RCPP_DEBUG_1("wrap_dispatch_unknown<%s>(., false )", DEMANGLE(T))
        -:  508:            // here we know (or assume) that T is convertible to SEXP
    33348:  509:            SEXP x = object;
    33348:  510:            return x;
        -:  511:        }
------------------
_ZN4Rcpp8internal21wrap_dispatch_unknownIP7SEXPRECEES3_RKT_NS_6traits17integral_constantIbLb1EEE:
    86988:  506:        inline SEXP wrap_dispatch_unknown(const T& object, ::Rcpp::traits::true_type) {
        -:  507:            RCPP_DEBUG_1("wrap_dispatch_unknown<%s>(., false )", DEMANGLE(T))
        -:  508:            // here we know (or assume) that T is convertible to SEXP
    86988:  509:            SEXP x = object;
    86988:  510:            return x;
        -:  511:        }
------------------
        -:  512:
        -:  513:	/**
        -:  514:         * This is the worst case :
        -:  515:         * - not a primitive
        -:  516:         * - not implicitely convertible tp SEXP
        -:  517:         * - not iterable
        -:  518:         *
        -:  519:         * so we just give up and attempt to use static_assert to generate
        -:  520:         * a compile time message if it is available, otherwise we use
        -:  521:         * implicit conversion to SEXP to bomb the compiler, which will give
        -:  522:         * quite a cryptic message
        -:  523:         */
        -:  524:	template <typename T>
        -:  525:    inline SEXP wrap_dispatch_unknown_iterable(const T& object, ::Rcpp::traits::false_type) {
        -:  526:        RCPP_DEBUG_1("wrap_dispatch_unknown_iterable<%s>(., false )", DEMANGLE(T))
        -:  527:        // here we know that T is not convertible to SEXP
        -:  528:        static_assert(!sizeof(T), "cannot convert type to SEXP");
        -:  529:        return R_NilValue; // -Wall
        -:  530:    }
        -:  531:
        -:  532:	template <typename T>
        -:  533:        inline SEXP wrap_dispatch_unknown_iterable__logical(const T& object, ::Rcpp::traits::true_type) {
        -:  534:            RCPP_DEBUG_1("wrap_dispatch_unknown_iterable__logical<%s>(., true )", DEMANGLE(T))
        -:  535:            size_t size = object.size();
        -:  536:            Shield<SEXP> x(Rf_allocVector(LGLSXP, size));
        -:  537:            std::copy(object.begin(), object.end(), LOGICAL(x));
        -:  538:            return x;
        -:  539:        }
        -:  540:
        -:  541:	template <typename T>
   135864:  542:	inline SEXP wrap_range_sugar_expression(const T& object, Rcpp::traits::false_type) {
        -:  543:            RCPP_DEBUG_1("wrap_range_sugar_expression<%s>(., false )", DEMANGLE(T))
   135864:  544:	    return range_wrap(object.begin(), object.end());
        -:  545:        }
------------------
_ZN4Rcpp8internal27wrap_range_sugar_expressionISt6vectorIdSaIdEEEEP7SEXPRECRKT_NS_6traits17integral_constantIbLb0EEE:
    80424:  542:	inline SEXP wrap_range_sugar_expression(const T& object, Rcpp::traits::false_type) {
        -:  543:            RCPP_DEBUG_1("wrap_range_sugar_expression<%s>(., false )", DEMANGLE(T))
    80424:  544:	    return range_wrap(object.begin(), object.end());
        -:  545:        }
------------------
_ZN4Rcpp8internal27wrap_range_sugar_expressionISt6vectorIySaIyEEEEP7SEXPRECRKT_NS_6traits17integral_constantIbLb0EEE:
    22176:  542:	inline SEXP wrap_range_sugar_expression(const T& object, Rcpp::traits::false_type) {
        -:  543:            RCPP_DEBUG_1("wrap_range_sugar_expression<%s>(., false )", DEMANGLE(T))
    22176:  544:	    return range_wrap(object.begin(), object.end());
        -:  545:        }
------------------
_ZN4Rcpp8internal27wrap_range_sugar_expressionISt6vectorINSt7__cxx1112basic_stringIcSt11char_traitsIcESaIcEEESaIS8_EEEEP7SEXPRECRKT_NS_6traits17integral_constantIbLb0EEE:
    33264:  542:	inline SEXP wrap_range_sugar_expression(const T& object, Rcpp::traits::false_type) {
        -:  543:            RCPP_DEBUG_1("wrap_range_sugar_expression<%s>(., false )", DEMANGLE(T))
    33264:  544:	    return range_wrap(object.begin(), object.end());
        -:  545:        }
------------------
        -:  546:	template <typename T>
        -:  547:        inline SEXP wrap_range_sugar_expression(const T& object, Rcpp::traits::true_type);
        -:  548:
        -:  549:	template <typename T>
   158040:  550:        inline SEXP wrap_dispatch_unknown_iterable__logical(const T& object, ::Rcpp::traits::false_type) {
        -:  551:	    RCPP_DEBUG_1("wrap_dispatch_unknown_iterable__logical<%s>(., false )", DEMANGLE(T))
   158040:  552:            return wrap_range_sugar_expression(object, typename Rcpp::traits::is_sugar_expression<T>::type());
        -:  553:        }
------------------
_ZN4Rcpp8internal39wrap_dispatch_unknown_iterable__logicalISt6vectorIdSaIdEEEEP7SEXPRECRKT_NS_6traits17integral_constantIbLb0EEE:
    80424:  550:        inline SEXP wrap_dispatch_unknown_iterable__logical(const T& object, ::Rcpp::traits::false_type) {
        -:  551:	    RCPP_DEBUG_1("wrap_dispatch_unknown_iterable__logical<%s>(., false )", DEMANGLE(T))
    80424:  552:            return wrap_range_sugar_expression(object, typename Rcpp::traits::is_sugar_expression<T>::type());
        -:  553:        }
------------------
_ZN4Rcpp8internal39wrap_dispatch_unknown_iterable__logicalINS_5RangeEEEP7SEXPRECRKT_NS_6traits17integral_constantIbLb0EEE:
    22176:  550:        inline SEXP wrap_dispatch_unknown_iterable__logical(const T& object, ::Rcpp::traits::false_type) {
        -:  551:	    RCPP_DEBUG_1("wrap_dispatch_unknown_iterable__logical<%s>(., false )", DEMANGLE(T))
    22176:  552:            return wrap_range_sugar_expression(object, typename Rcpp::traits::is_sugar_expression<T>::type());
        -:  553:        }
------------------
_ZN4Rcpp8internal39wrap_dispatch_unknown_iterable__logicalISt6vectorIySaIyEEEEP7SEXPRECRKT_NS_6traits17integral_constantIbLb0EEE:
    22176:  550:        inline SEXP wrap_dispatch_unknown_iterable__logical(const T& object, ::Rcpp::traits::false_type) {
        -:  551:	    RCPP_DEBUG_1("wrap_dispatch_unknown_iterable__logical<%s>(., false )", DEMANGLE(T))
    22176:  552:            return wrap_range_sugar_expression(object, typename Rcpp::traits::is_sugar_expression<T>::type());
        -:  553:        }
------------------
_ZN4Rcpp8internal39wrap_dispatch_unknown_iterable__logicalISt6vectorINSt7__cxx1112basic_stringIcSt11char_traitsIcESaIcEEESaIS8_EEEEP7SEXPRECRKT_NS_6traits17integral_constantIbLb0EEE:
    33264:  550:        inline SEXP wrap_dispatch_unknown_iterable__logical(const T& object, ::Rcpp::traits::false_type) {
        -:  551:	    RCPP_DEBUG_1("wrap_dispatch_unknown_iterable__logical<%s>(., false )", DEMANGLE(T))
    33264:  552:            return wrap_range_sugar_expression(object, typename Rcpp::traits::is_sugar_expression<T>::type());
        -:  553:        }
------------------
        -:  554:
        -:  555:
        -:  556:	template <typename T>
   158040:  557:	inline SEXP wrap_dispatch_unknown_iterable__matrix_interface(const T& object, ::Rcpp::traits::false_type) {
        -:  558:	    RCPP_DEBUG_1("wrap_dispatch_unknown_iterable__matrix_interface<%s>(., false )", DEMANGLE(T))
   158040:  559:            return wrap_dispatch_unknown_iterable__logical(object,
   158040:  560:                                                           typename ::Rcpp::traits::expands_to_logical<T>::type());
        -:  561:        }
------------------
_ZN4Rcpp8internal48wrap_dispatch_unknown_iterable__matrix_interfaceISt6vectorIdSaIdEEEEP7SEXPRECRKT_NS_6traits17integral_constantIbLb0EEE:
    80424:  557:	inline SEXP wrap_dispatch_unknown_iterable__matrix_interface(const T& object, ::Rcpp::traits::false_type) {
        -:  558:	    RCPP_DEBUG_1("wrap_dispatch_unknown_iterable__matrix_interface<%s>(., false )", DEMANGLE(T))
    80424:  559:            return wrap_dispatch_unknown_iterable__logical(object,
    80424:  560:                                                           typename ::Rcpp::traits::expands_to_logical<T>::type());
        -:  561:        }
------------------
_ZN4Rcpp8internal48wrap_dispatch_unknown_iterable__matrix_interfaceINS_5RangeEEEP7SEXPRECRKT_NS_6traits17integral_constantIbLb0EEE:
    22176:  557:	inline SEXP wrap_dispatch_unknown_iterable__matrix_interface(const T& object, ::Rcpp::traits::false_type) {
        -:  558:	    RCPP_DEBUG_1("wrap_dispatch_unknown_iterable__matrix_interface<%s>(., false )", DEMANGLE(T))
    22176:  559:            return wrap_dispatch_unknown_iterable__logical(object,
    22176:  560:                                                           typename ::Rcpp::traits::expands_to_logical<T>::type());
        -:  561:        }
------------------
_ZN4Rcpp8internal48wrap_dispatch_unknown_iterable__matrix_interfaceISt6vectorIySaIyEEEEP7SEXPRECRKT_NS_6traits17integral_constantIbLb0EEE:
    22176:  557:	inline SEXP wrap_dispatch_unknown_iterable__matrix_interface(const T& object, ::Rcpp::traits::false_type) {
        -:  558:	    RCPP_DEBUG_1("wrap_dispatch_unknown_iterable__matrix_interface<%s>(., false )", DEMANGLE(T))
    22176:  559:            return wrap_dispatch_unknown_iterable__logical(object,
    22176:  560:                                                           typename ::Rcpp::traits::expands_to_logical<T>::type());
        -:  561:        }
------------------
_ZN4Rcpp8internal48wrap_dispatch_unknown_iterable__matrix_interfaceISt6vectorINSt7__cxx1112basic_stringIcSt11char_traitsIcESaIcEEESaIS8_EEEEP7SEXPRECRKT_NS_6traits17integral_constantIbLb0EEE:
    33264:  557:	inline SEXP wrap_dispatch_unknown_iterable__matrix_interface(const T& object, ::Rcpp::traits::false_type) {
        -:  558:	    RCPP_DEBUG_1("wrap_dispatch_unknown_iterable__matrix_interface<%s>(., false )", DEMANGLE(T))
    33264:  559:            return wrap_dispatch_unknown_iterable__logical(object,
    33264:  560:                                                           typename ::Rcpp::traits::expands_to_logical<T>::type());
        -:  561:        }
------------------
        -:  562:
        -:  563:	template <typename T>
        -:  564:        inline SEXP wrap_dispatch_matrix_logical(const T& object, ::Rcpp::traits::true_type) {
        -:  565:            int nr = object.nrow(), nc = object.ncol();
        -:  566:            Shield<SEXP> res(Rf_allocVector(LGLSXP, nr * nc));
        -:  567:            int k=0;
        -:  568:            int* p = LOGICAL(res);
        -:  569:            for (int j=0; j<nc; j++)
        -:  570:		for (int i=0; i<nr; i++, k++)
        -:  571:                    p[k] = object(i,j);
        -:  572:            Shield<SEXP> dim(Rf_allocVector(INTSXP, 2));
        -:  573:            INTEGER(dim)[0] = nr;
        -:  574:            INTEGER(dim)[1] = nc;
        -:  575:            Rf_setAttrib(res, R_DimSymbol , dim);
        -:  576:            return res;
        -:  577:        }
        -:  578:
        -:  579:	template <typename T, typename STORAGE>
        -:  580:        inline SEXP wrap_dispatch_matrix_primitive(const T& object) {
        -:  581:            const int RTYPE = ::Rcpp::traits::r_sexptype_traits<STORAGE>::rtype;
        -:  582:            int nr = object.nrow(), nc = object.ncol();
        -:  583:            Shield<SEXP> res(Rf_allocVector(RTYPE, nr*nc));
        -:  584:
        -:  585:            int k=0;
        -:  586:            STORAGE* p = r_vector_start< RTYPE>(res);
        -:  587:            for (int j=0; j<nc; j++)
        -:  588:		for (int i=0; i<nr; i++, k++)
        -:  589:                    p[k] = object(i,j);
        -:  590:            Shield<SEXP> dim(Rf_allocVector(INTSXP, 2));
        -:  591:            INTEGER(dim)[0] = nr;
        -:  592:            INTEGER(dim)[1] = nc;
        -:  593:            Rf_setAttrib(res, R_DimSymbol , dim);
        -:  594:            return res;
        -:  595:        }
        -:  596:
        -:  597:	template <typename T>
        -:  598:        inline SEXP wrap_dispatch_matrix_not_logical(const T& object, ::Rcpp::traits::r_type_primitive_tag) {
        -:  599:            return wrap_dispatch_matrix_primitive<T, typename T::stored_type>(object);
        -:  600:        }
        -:  601:
        -:  602:	template <typename T>
        -:  603:        inline SEXP wrap_dispatch_matrix_not_logical(const T& object, ::Rcpp::traits::r_type_string_tag) {
        -:  604:            int nr = object.nrow(), nc = object.ncol();
        -:  605:            Shield<SEXP> res(Rf_allocVector(STRSXP, nr*nc));
        -:  606:
        -:  607:            int k=0;
        -:  608:            for (int j=0; j<nc; j++)
        -:  609:		for (int i=0; i<nr; i++, k++)
        -:  610:                    SET_STRING_ELT(res, k, make_charsexp(object(i,j)));
        -:  611:            Shield<SEXP> dim(Rf_allocVector(INTSXP, 2));
        -:  612:            INTEGER(dim)[0] = nr;
        -:  613:            INTEGER(dim)[1] = nc;
        -:  614:            Rf_setAttrib(res, R_DimSymbol , dim);
        -:  615:            return res;
        -:  616:        }
        -:  617:
        -:  618:    	template <typename T>
        -:  619:        inline SEXP wrap_dispatch_matrix_not_logical(const T& object, ::Rcpp::traits::r_type_generic_tag) {
        -:  620:            int nr = object.nrow(), nc = object.ncol();
        -:  621:            Shield<SEXP> res(Rf_allocVector(VECSXP, nr*nc));
        -:  622:
        -:  623:            int k=0;
        -:  624:            for (int j=0; j<nc; j++)
        -:  625:		for (int i=0; i<nr; i++, k++)
        -:  626:                    SET_VECTOR_ELT(res, k, ::Rcpp::wrap(object(i,j)));
        -:  627:            Shield<SEXP> dim(Rf_allocVector(INTSXP, 2));
        -:  628:            INTEGER(dim)[0] = nr;
        -:  629:            INTEGER(dim)[1] = nc;
        -:  630:            Rf_setAttrib(res, R_DimSymbol , dim);
        -:  631:            return res;
        -:  632:        }
        -:  633:
        -:  634:    	template <typename T>
        -:  635:        inline SEXP wrap_dispatch_matrix_logical(const T& object, ::Rcpp::traits::false_type) {
        -:  636:            return wrap_dispatch_matrix_not_logical<T>(object, typename ::Rcpp::traits::r_type_traits<typename T::stored_type>::r_category());
        -:  637:        }
        -:  638:
        -:  639:	template <typename T>
        -:  640:        inline SEXP wrap_dispatch_unknown_iterable__matrix_interface(const T& object, ::Rcpp::traits::true_type) {
        -:  641:            RCPP_DEBUG_1("wrap_dispatch_unknown_iterable__matrix_interface<%s>(., true )", DEMANGLE(T))
        -:  642:	    return wrap_dispatch_matrix_logical(object, typename ::Rcpp::traits::expands_to_logical<T>::type());
        -:  643:        }
        -:  644:
        -:  645:
        -:  646:	/**
        -:  647:         * Here we know for sure that type T has a T::iterator typedef
        -:  648:         * so we hope for the best and call the range based wrap with begin
        -:  649:         * and end
        -:  650:         *
        -:  651:         * This works fine for all stl containers and classes T that have :
        -:  652:         * - T::iterator
        -:  653:         * - T::iterator begin()
        -:  654:         * - T::iterator end()
        -:  655:         *
        -:  656:         * If someone knows a better way, please advise
        -:  657:         */
        -:  658:	template <typename T>
   158040:  659:        inline SEXP wrap_dispatch_unknown_iterable(const T& object, ::Rcpp::traits::true_type) {
        -:  660:            RCPP_DEBUG_1("wrap_dispatch_unknown_iterable<%s>(., true )", DEMANGLE(T))
   158040:  661:            return wrap_dispatch_unknown_iterable__matrix_interface(object,
   158040:  662:                                                                    typename ::Rcpp::traits::matrix_interface<T>::type());
        -:  663:        }
------------------
_ZN4Rcpp8internal30wrap_dispatch_unknown_iterableISt6vectorIdSaIdEEEEP7SEXPRECRKT_NS_6traits17integral_constantIbLb1EEE:
    80424:  659:        inline SEXP wrap_dispatch_unknown_iterable(const T& object, ::Rcpp::traits::true_type) {
        -:  660:            RCPP_DEBUG_1("wrap_dispatch_unknown_iterable<%s>(., true )", DEMANGLE(T))
    80424:  661:            return wrap_dispatch_unknown_iterable__matrix_interface(object,
    80424:  662:                                                                    typename ::Rcpp::traits::matrix_interface<T>::type());
        -:  663:        }
------------------
_ZN4Rcpp8internal30wrap_dispatch_unknown_iterableINS_5RangeEEEP7SEXPRECRKT_NS_6traits17integral_constantIbLb1EEE:
    22176:  659:        inline SEXP wrap_dispatch_unknown_iterable(const T& object, ::Rcpp::traits::true_type) {
        -:  660:            RCPP_DEBUG_1("wrap_dispatch_unknown_iterable<%s>(., true )", DEMANGLE(T))
    22176:  661:            return wrap_dispatch_unknown_iterable__matrix_interface(object,
    22176:  662:                                                                    typename ::Rcpp::traits::matrix_interface<T>::type());
        -:  663:        }
------------------
_ZN4Rcpp8internal30wrap_dispatch_unknown_iterableISt6vectorIySaIyEEEEP7SEXPRECRKT_NS_6traits17integral_constantIbLb1EEE:
    22176:  659:        inline SEXP wrap_dispatch_unknown_iterable(const T& object, ::Rcpp::traits::true_type) {
        -:  660:            RCPP_DEBUG_1("wrap_dispatch_unknown_iterable<%s>(., true )", DEMANGLE(T))
    22176:  661:            return wrap_dispatch_unknown_iterable__matrix_interface(object,
    22176:  662:                                                                    typename ::Rcpp::traits::matrix_interface<T>::type());
        -:  663:        }
------------------
_ZN4Rcpp8internal30wrap_dispatch_unknown_iterableISt6vectorINSt7__cxx1112basic_stringIcSt11char_traitsIcESaIcEEESaIS8_EEEEP7SEXPRECRKT_NS_6traits17integral_constantIbLb1EEE:
    33264:  659:        inline SEXP wrap_dispatch_unknown_iterable(const T& object, ::Rcpp::traits::true_type) {
        -:  660:            RCPP_DEBUG_1("wrap_dispatch_unknown_iterable<%s>(., true )", DEMANGLE(T))
    33264:  661:            return wrap_dispatch_unknown_iterable__matrix_interface(object,
    33264:  662:                                                                    typename ::Rcpp::traits::matrix_interface<T>::type());
        -:  663:        }
------------------
        -:  664:
        -:  665:	template <typename T, typename elem_type>
        -:  666:        inline SEXP wrap_dispatch_importer__impl__prim(const T& object, ::Rcpp::traits::false_type) {
        -:  667:            int size = object.size();
        -:  668:            const int RTYPE = ::Rcpp::traits::r_sexptype_traits<elem_type>::rtype;
        -:  669:            Shield<SEXP> x(Rf_allocVector(RTYPE, size));
        -:  670:            typedef typename ::Rcpp::traits::storage_type<RTYPE>::type CTYPE;
        -:  671:            CTYPE* start = r_vector_start<RTYPE>(x);
        -:  672:            for (int i=0; i<size; i++) {
        -:  673:		start[i] = object.get(i);
        -:  674:            }
        -:  675:            return x;
        -:  676:
        -:  677:        }
        -:  678:
        -:  679:    	template <typename T, typename elem_type>
        -:  680:    	inline SEXP wrap_dispatch_importer__impl__prim(const T& object, ::Rcpp::traits::true_type) {
        -:  681:            int size = object.size();
        -:  682:            const int RTYPE = ::Rcpp::traits::r_sexptype_traits<elem_type>::rtype;
        -:  683:            Shield<SEXP> x(Rf_allocVector(RTYPE, size));
        -:  684:            typedef typename ::Rcpp::traits::storage_type<RTYPE>::type CTYPE;
        -:  685:            CTYPE* start = r_vector_start<RTYPE>(x);
        -:  686:            for (int i=0; i<size; i++) {
        -:  687:		start[i] = caster<elem_type,CTYPE>(object.get(i));
        -:  688:            }
        -:  689:            return x;
        -:  690:        }
        -:  691:
        -:  692:	template <typename T, typename elem_type>
        -:  693:	inline SEXP wrap_dispatch_importer__impl(const T& object, ::Rcpp::traits::r_type_primitive_tag) {
        -:  694:            return wrap_dispatch_importer__impl__prim<T,elem_type>(object,
        -:  695:                                                                   typename ::Rcpp::traits::r_sexptype_needscast<elem_type>());
        -:  696:        }
        -:  697:
        -:  698:	template <typename T, typename elem_type>
        -:  699:        inline SEXP wrap_dispatch_importer__impl(const T& object, ::Rcpp::traits::r_type_string_tag) {
        -:  700:            int size = object.size();
        -:  701:            Shield<SEXP> x(Rf_allocVector(STRSXP, size));
        -:  702:            for (int i=0; i<size; i++) {
        -:  703:		SET_STRING_ELT(x, i, make_charsexp(object.get(i)));
        -:  704:            }
        -:  705:            return x;
        -:  706:        }
        -:  707:
        -:  708:    	template <typename T, typename elem_type>
        -:  709:    	inline SEXP wrap_dispatch_importer__impl(const T& object, ::Rcpp::traits::r_type_generic_tag) {
        -:  710:            int size = object.size();
        -:  711:            Shield<SEXP> x(Rf_allocVector(VECSXP, size));
        -:  712:            for (int i=0; i<size; i++) {
        -:  713:		SET_VECTOR_ELT(x, i, object.wrap(i));
        -:  714:            }
        -:  715:            return x;
        -:  716:	}
        -:  717:
        -:  718:    	template <typename T, typename elem_type>
        -:  719:        inline SEXP wrap_dispatch_importer(const T& object) {
        -:  720:            return wrap_dispatch_importer__impl<T,elem_type>(object,
        -:  721:                                                             typename ::Rcpp::traits::r_type_traits<elem_type>::r_category());
        -:  722:        }
        -:  723:
        -:  724:	/**
        -:  725:         * Called when no implicit conversion to SEXP is possible and this is
        -:  726:         * not tagged as a primitive type, checks whether the type is
        -:  727:         * iterable
        -:  728:         */
        -:  729:    	template <typename T>
   158040:  730:        inline SEXP wrap_dispatch_unknown(const T& object, ::Rcpp::traits::false_type) {
        -:  731:            RCPP_DEBUG_1("wrap_dispatch_unknown<%s>(., false )", DEMANGLE(T))
   158040:  732:	    return wrap_dispatch_unknown_iterable(object, typename ::Rcpp::traits::has_iterator<T>::type());
        -:  733:        }
------------------
_ZN4Rcpp8internal21wrap_dispatch_unknownISt6vectorIdSaIdEEEEP7SEXPRECRKT_NS_6traits17integral_constantIbLb0EEE:
    80424:  730:        inline SEXP wrap_dispatch_unknown(const T& object, ::Rcpp::traits::false_type) {
        -:  731:            RCPP_DEBUG_1("wrap_dispatch_unknown<%s>(., false )", DEMANGLE(T))
    80424:  732:	    return wrap_dispatch_unknown_iterable(object, typename ::Rcpp::traits::has_iterator<T>::type());
        -:  733:        }
------------------
_ZN4Rcpp8internal21wrap_dispatch_unknownINS_5RangeEEEP7SEXPRECRKT_NS_6traits17integral_constantIbLb0EEE:
    22176:  730:        inline SEXP wrap_dispatch_unknown(const T& object, ::Rcpp::traits::false_type) {
        -:  731:            RCPP_DEBUG_1("wrap_dispatch_unknown<%s>(., false )", DEMANGLE(T))
    22176:  732:	    return wrap_dispatch_unknown_iterable(object, typename ::Rcpp::traits::has_iterator<T>::type());
        -:  733:        }
------------------
_ZN4Rcpp8internal21wrap_dispatch_unknownISt6vectorIySaIyEEEEP7SEXPRECRKT_NS_6traits17integral_constantIbLb0EEE:
    22176:  730:        inline SEXP wrap_dispatch_unknown(const T& object, ::Rcpp::traits::false_type) {
        -:  731:            RCPP_DEBUG_1("wrap_dispatch_unknown<%s>(., false )", DEMANGLE(T))
    22176:  732:	    return wrap_dispatch_unknown_iterable(object, typename ::Rcpp::traits::has_iterator<T>::type());
        -:  733:        }
------------------
_ZN4Rcpp8internal21wrap_dispatch_unknownISt6vectorINSt7__cxx1112basic_stringIcSt11char_traitsIcESaIcEEESaIS8_EEEEP7SEXPRECRKT_NS_6traits17integral_constantIbLb0EEE:
    33264:  730:        inline SEXP wrap_dispatch_unknown(const T& object, ::Rcpp::traits::false_type) {
        -:  731:            RCPP_DEBUG_1("wrap_dispatch_unknown<%s>(., false )", DEMANGLE(T))
    33264:  732:	    return wrap_dispatch_unknown_iterable(object, typename ::Rcpp::traits::has_iterator<T>::type());
        -:  733:        }
------------------
        -:  734:	// }}}
        -:  735:
        -:  736:	// {{{ wrap dispatch
        -:  737:    	/**
        -:  738:         * wrapping a __single__ primitive type : int, double, std::string, size_t,
        -:  739:         * Rbyte, Rcomplex
        -:  740:         */
        -:  741:
        -:  742:	template <typename T>
   357821:  743:        inline SEXP wrap_dispatch(const T& object, ::Rcpp::traits::wrap_type_primitive_tag) {
   357821:  744:            return primitive_wrap(object);
        -:  745:        }
------------------
_ZN4Rcpp8internal13wrap_dispatchIiEEP7SEXPRECRKT_NS_6traits23wrap_type_primitive_tagE:
   251484:  743:        inline SEXP wrap_dispatch(const T& object, ::Rcpp::traits::wrap_type_primitive_tag) {
   251484:  744:            return primitive_wrap(object);
        -:  745:        }
------------------
_ZN4Rcpp8internal13wrap_dispatchINSt7__cxx1112basic_stringIcSt11char_traitsIcESaIcEEEEEP7SEXPRECRKT_NS_6traits23wrap_type_primitive_tagE:
   106337:  743:        inline SEXP wrap_dispatch(const T& object, ::Rcpp::traits::wrap_type_primitive_tag) {
   106337:  744:            return primitive_wrap(object);
        -:  745:        }
------------------
        -:  746:
        -:  747:	template <typename T>
        -:  748:        inline SEXP wrap_dispatch(const T& object, ::Rcpp::traits::wrap_type_char_array) {
        -:  749:            return Rf_mkString(object);
        -:  750:        }
        -:  751:
        -:  752:	template <typename T>
        -:  753:        inline SEXP wrap_dispatch(const T& object, ::Rcpp::traits::wrap_type_module_object_pointer_tag) {
        -:  754:            return Rcpp::internal::make_new_object< typename T::object_type >(object.ptr);
        -:  755:        }
        -:  756:
        -:  757:	template <typename T>
        -:  758:        inline SEXP wrap_dispatch(const T& object, ::Rcpp::traits::wrap_type_module_object_tag) {
        -:  759:            return Rcpp::internal::make_new_object<T>(new T(object));
        -:  760:        }
        -:  761:
        -:  762:	template <typename T>
        -:  763:        inline SEXP wrap_dispatch(const T& object, ::Rcpp::traits::wrap_type_enum_tag) {
        -:  764:            return wrap((int)object);
        -:  765:        }
        -:  766:
        -:  767:	template <typename T>
   591906:  768:        inline SEXP wrap_dispatch_eigen(const T& object, ::Rcpp::traits::false_type) {
        -:  769:            RCPP_DEBUG_1("wrap_dispatch_eigen<%s>(., false )", DEMANGLE(T))
   591906:  770:            return wrap_dispatch_unknown(object, typename ::Rcpp::traits::is_convertible<T,SEXP>::type());
        -:  771:        }
------------------
_ZN4Rcpp8internal19wrap_dispatch_eigenINS_14DataFrame_ImplINS_15PreserveStorageEEEEEP7SEXPRECRKT_NS_6traits17integral_constantIbLb0EEE:
    11088:  768:        inline SEXP wrap_dispatch_eigen(const T& object, ::Rcpp::traits::false_type) {
        -:  769:            RCPP_DEBUG_1("wrap_dispatch_eigen<%s>(., false )", DEMANGLE(T))
    11088:  770:            return wrap_dispatch_unknown(object, typename ::Rcpp::traits::is_convertible<T,SEXP>::type());
        -:  771:        }
------------------
_ZN4Rcpp8internal19wrap_dispatch_eigenISt6vectorIdSaIdEEEEP7SEXPRECRKT_NS_6traits17integral_constantIbLb0EEE:
    80424:  768:        inline SEXP wrap_dispatch_eigen(const T& object, ::Rcpp::traits::false_type) {
        -:  769:            RCPP_DEBUG_1("wrap_dispatch_eigen<%s>(., false )", DEMANGLE(T))
    80424:  770:            return wrap_dispatch_unknown(object, typename ::Rcpp::traits::is_convertible<T,SEXP>::type());
        -:  771:        }
------------------
_ZN4Rcpp8internal19wrap_dispatch_eigenINS_5RangeEEEP7SEXPRECRKT_NS_6traits17integral_constantIbLb0EEE:
    22176:  768:        inline SEXP wrap_dispatch_eigen(const T& object, ::Rcpp::traits::false_type) {
        -:  769:            RCPP_DEBUG_1("wrap_dispatch_eigen<%s>(., false )", DEMANGLE(T))
    22176:  770:            return wrap_dispatch_unknown(object, typename ::Rcpp::traits::is_convertible<T,SEXP>::type());
        -:  771:        }
------------------
_ZN4Rcpp8internal19wrap_dispatch_eigenISt6vectorIySaIyEEEEP7SEXPRECRKT_NS_6traits17integral_constantIbLb0EEE:
    22176:  768:        inline SEXP wrap_dispatch_eigen(const T& object, ::Rcpp::traits::false_type) {
        -:  769:            RCPP_DEBUG_1("wrap_dispatch_eigen<%s>(., false )", DEMANGLE(T))
    22176:  770:            return wrap_dispatch_unknown(object, typename ::Rcpp::traits::is_convertible<T,SEXP>::type());
        -:  771:        }
------------------
_ZN4Rcpp8internal19wrap_dispatch_eigenINS_6VectorILi14ENS_15PreserveStorageEEEEEP7SEXPRECRKT_NS_6traits17integral_constantIbLb0EEE:
    77376:  768:        inline SEXP wrap_dispatch_eigen(const T& object, ::Rcpp::traits::false_type) {
        -:  769:            RCPP_DEBUG_1("wrap_dispatch_eigen<%s>(., false )", DEMANGLE(T))
    77376:  770:            return wrap_dispatch_unknown(object, typename ::Rcpp::traits::is_convertible<T,SEXP>::type());
        -:  771:        }
------------------
_ZN4Rcpp8internal19wrap_dispatch_eigenINS_6ShieldIP7SEXPRECEEEES4_RKT_NS_6traits17integral_constantIbLb0EEE:
   112533:  768:        inline SEXP wrap_dispatch_eigen(const T& object, ::Rcpp::traits::false_type) {
        -:  769:            RCPP_DEBUG_1("wrap_dispatch_eigen<%s>(., false )", DEMANGLE(T))
   112533:  770:            return wrap_dispatch_unknown(object, typename ::Rcpp::traits::is_convertible<T,SEXP>::type());
        -:  771:        }
------------------
_ZN4Rcpp8internal19wrap_dispatch_eigenISt6vectorINSt7__cxx1112basic_stringIcSt11char_traitsIcESaIcEEESaIS8_EEEEP7SEXPRECRKT_NS_6traits17integral_constantIbLb0EEE:
    33264:  768:        inline SEXP wrap_dispatch_eigen(const T& object, ::Rcpp::traits::false_type) {
        -:  769:            RCPP_DEBUG_1("wrap_dispatch_eigen<%s>(., false )", DEMANGLE(T))
    33264:  770:            return wrap_dispatch_unknown(object, typename ::Rcpp::traits::is_convertible<T,SEXP>::type());
        -:  771:        }
------------------
_ZN4Rcpp8internal19wrap_dispatch_eigenINS_6VectorILi19ENS_15PreserveStorageEEEEEP7SEXPRECRKT_NS_6traits17integral_constantIbLb0EEE:
   112533:  768:        inline SEXP wrap_dispatch_eigen(const T& object, ::Rcpp::traits::false_type) {
        -:  769:            RCPP_DEBUG_1("wrap_dispatch_eigen<%s>(., false )", DEMANGLE(T))
   112533:  770:            return wrap_dispatch_unknown(object, typename ::Rcpp::traits::is_convertible<T,SEXP>::type());
        -:  771:        }
------------------
_ZN4Rcpp8internal19wrap_dispatch_eigenINS_6VectorILi16ENS_15PreserveStorageEEEEEP7SEXPRECRKT_NS_6traits17integral_constantIbLb0EEE:
    33348:  768:        inline SEXP wrap_dispatch_eigen(const T& object, ::Rcpp::traits::false_type) {
        -:  769:            RCPP_DEBUG_1("wrap_dispatch_eigen<%s>(., false )", DEMANGLE(T))
    33348:  770:            return wrap_dispatch_unknown(object, typename ::Rcpp::traits::is_convertible<T,SEXP>::type());
        -:  771:        }
------------------
_ZN4Rcpp8internal19wrap_dispatch_eigenIP7SEXPRECEES3_RKT_NS_6traits17integral_constantIbLb0EEE:
    86988:  768:        inline SEXP wrap_dispatch_eigen(const T& object, ::Rcpp::traits::false_type) {
        -:  769:            RCPP_DEBUG_1("wrap_dispatch_eigen<%s>(., false )", DEMANGLE(T))
    86988:  770:            return wrap_dispatch_unknown(object, typename ::Rcpp::traits::is_convertible<T,SEXP>::type());
        -:  771:        }
------------------
        -:  772:
        -:  773:	template <typename T>
        -:  774:        inline SEXP wrap_dispatch_eigen(const T& object, ::Rcpp::traits::true_type) {
        -:  775:            RCPP_DEBUG_1("wrap_dispatch_eigen<%s>(., true )", DEMANGLE(T))
        -:  776:            return ::Rcpp::RcppEigen::eigen_wrap(object);
        -:  777:        }
        -:  778:
        -:  779:
        -:  780:	/**
        -:  781:         * called when T is wrap_type_unknown_tag and is not an Importer class
        -:  782:         * The next step is to try implicit conversion to SEXP
        -:  783:         */
        -:  784:    	template <typename T>
   591906:  785:        inline SEXP wrap_dispatch_unknown_importable(const T& object, ::Rcpp::traits::false_type) {
        -:  786:            RCPP_DEBUG_1("wrap_dispatch_unknown_importable<%s>(., false )", DEMANGLE(T))
   591906:  787:            return wrap_dispatch_eigen(object, typename traits::is_eigen_base<T>::type());
        -:  788:        }
------------------
_ZN4Rcpp8internal32wrap_dispatch_unknown_importableINS_14DataFrame_ImplINS_15PreserveStorageEEEEEP7SEXPRECRKT_NS_6traits17integral_constantIbLb0EEE:
    11088:  785:        inline SEXP wrap_dispatch_unknown_importable(const T& object, ::Rcpp::traits::false_type) {
        -:  786:            RCPP_DEBUG_1("wrap_dispatch_unknown_importable<%s>(., false )", DEMANGLE(T))
    11088:  787:            return wrap_dispatch_eigen(object, typename traits::is_eigen_base<T>::type());
        -:  788:        }
------------------
_ZN4Rcpp8internal32wrap_dispatch_unknown_importableISt6vectorIdSaIdEEEEP7SEXPRECRKT_NS_6traits17integral_constantIbLb0EEE:
    80424:  785:        inline SEXP wrap_dispatch_unknown_importable(const T& object, ::Rcpp::traits::false_type) {
        -:  786:            RCPP_DEBUG_1("wrap_dispatch_unknown_importable<%s>(., false )", DEMANGLE(T))
    80424:  787:            return wrap_dispatch_eigen(object, typename traits::is_eigen_base<T>::type());
        -:  788:        }
------------------
_ZN4Rcpp8internal32wrap_dispatch_unknown_importableINS_5RangeEEEP7SEXPRECRKT_NS_6traits17integral_constantIbLb0EEE:
    22176:  785:        inline SEXP wrap_dispatch_unknown_importable(const T& object, ::Rcpp::traits::false_type) {
        -:  786:            RCPP_DEBUG_1("wrap_dispatch_unknown_importable<%s>(., false )", DEMANGLE(T))
    22176:  787:            return wrap_dispatch_eigen(object, typename traits::is_eigen_base<T>::type());
        -:  788:        }
------------------
_ZN4Rcpp8internal32wrap_dispatch_unknown_importableISt6vectorIySaIyEEEEP7SEXPRECRKT_NS_6traits17integral_constantIbLb0EEE:
    22176:  785:        inline SEXP wrap_dispatch_unknown_importable(const T& object, ::Rcpp::traits::false_type) {
        -:  786:            RCPP_DEBUG_1("wrap_dispatch_unknown_importable<%s>(., false )", DEMANGLE(T))
    22176:  787:            return wrap_dispatch_eigen(object, typename traits::is_eigen_base<T>::type());
        -:  788:        }
------------------
_ZN4Rcpp8internal32wrap_dispatch_unknown_importableINS_6VectorILi14ENS_15PreserveStorageEEEEEP7SEXPRECRKT_NS_6traits17integral_constantIbLb0EEE:
    77376:  785:        inline SEXP wrap_dispatch_unknown_importable(const T& object, ::Rcpp::traits::false_type) {
        -:  786:            RCPP_DEBUG_1("wrap_dispatch_unknown_importable<%s>(., false )", DEMANGLE(T))
    77376:  787:            return wrap_dispatch_eigen(object, typename traits::is_eigen_base<T>::type());
        -:  788:        }
------------------
_ZN4Rcpp8internal32wrap_dispatch_unknown_importableINS_6ShieldIP7SEXPRECEEEES4_RKT_NS_6traits17integral_constantIbLb0EEE:
   112533:  785:        inline SEXP wrap_dispatch_unknown_importable(const T& object, ::Rcpp::traits::false_type) {
        -:  786:            RCPP_DEBUG_1("wrap_dispatch_unknown_importable<%s>(., false )", DEMANGLE(T))
   112533:  787:            return wrap_dispatch_eigen(object, typename traits::is_eigen_base<T>::type());
        -:  788:        }
------------------
_ZN4Rcpp8internal32wrap_dispatch_unknown_importableISt6vectorINSt7__cxx1112basic_stringIcSt11char_traitsIcESaIcEEESaIS8_EEEEP7SEXPRECRKT_NS_6traits17integral_constantIbLb0EEE:
    33264:  785:        inline SEXP wrap_dispatch_unknown_importable(const T& object, ::Rcpp::traits::false_type) {
        -:  786:            RCPP_DEBUG_1("wrap_dispatch_unknown_importable<%s>(., false )", DEMANGLE(T))
    33264:  787:            return wrap_dispatch_eigen(object, typename traits::is_eigen_base<T>::type());
        -:  788:        }
------------------
_ZN4Rcpp8internal32wrap_dispatch_unknown_importableINS_6VectorILi19ENS_15PreserveStorageEEEEEP7SEXPRECRKT_NS_6traits17integral_constantIbLb0EEE:
   112533:  785:        inline SEXP wrap_dispatch_unknown_importable(const T& object, ::Rcpp::traits::false_type) {
        -:  786:            RCPP_DEBUG_1("wrap_dispatch_unknown_importable<%s>(., false )", DEMANGLE(T))
   112533:  787:            return wrap_dispatch_eigen(object, typename traits::is_eigen_base<T>::type());
        -:  788:        }
------------------
_ZN4Rcpp8internal32wrap_dispatch_unknown_importableINS_6VectorILi16ENS_15PreserveStorageEEEEEP7SEXPRECRKT_NS_6traits17integral_constantIbLb0EEE:
    33348:  785:        inline SEXP wrap_dispatch_unknown_importable(const T& object, ::Rcpp::traits::false_type) {
        -:  786:            RCPP_DEBUG_1("wrap_dispatch_unknown_importable<%s>(., false )", DEMANGLE(T))
    33348:  787:            return wrap_dispatch_eigen(object, typename traits::is_eigen_base<T>::type());
        -:  788:        }
------------------
_ZN4Rcpp8internal32wrap_dispatch_unknown_importableIP7SEXPRECEES3_RKT_NS_6traits17integral_constantIbLb0EEE:
    86988:  785:        inline SEXP wrap_dispatch_unknown_importable(const T& object, ::Rcpp::traits::false_type) {
        -:  786:            RCPP_DEBUG_1("wrap_dispatch_unknown_importable<%s>(., false )", DEMANGLE(T))
    86988:  787:            return wrap_dispatch_eigen(object, typename traits::is_eigen_base<T>::type());
        -:  788:        }
------------------
        -:  789:
        -:  790:	/**
        -:  791:         * called when T is an Importer
        -:  792:         */
        -:  793:	template <typename T>
        -:  794:        inline SEXP wrap_dispatch_unknown_importable(const T& object, ::Rcpp::traits::true_type) {
        -:  795:            RCPP_DEBUG_1("wrap_dispatch_unknown_importable<%s>(., true )", DEMANGLE(T))
        -:  796:            return wrap_dispatch_importer<T,typename T::r_import_type>(object);
        -:  797:        }
        -:  798:
        -:  799:	/**
        -:  800:         * This is called by wrap when the wrap_type_traits is wrap_type_unknown_tag
        -:  801:         *
        -:  802:         * This tries to identify if the object conforms to the Importer class
        -:  803:         */
        -:  804:	template <typename T>
   591906:  805:        inline SEXP wrap_dispatch(const T& object, ::Rcpp::traits::wrap_type_unknown_tag) {
        -:  806:	    RCPP_DEBUG_1("wrap_dispatch<%s>(., wrap_type_unknown_tag)", DEMANGLE(T))
   591906:  807:            return wrap_dispatch_unknown_importable(object, typename ::Rcpp::traits::is_importer<T>::type());
        -:  808:        }
        -:  809:	// }}}
        -:  810:
        -:  811:	// {{{ wrap a container that is structured in row major order
        -:  812:	template <typename value_type, typename InputIterator>
        -:  813:        inline SEXP rowmajor_wrap__dispatch(InputIterator first, int nrow, int ncol, ::Rcpp::traits::r_type_generic_tag) {
        -:  814:            Shield<SEXP> out(::Rf_allocVector(VECSXP, nrow * ncol));
        -:  815:            int i=0, j=0;
        -:  816:            for (j=0; j<ncol; j++) {
        -:  817:		for (i=0; i<nrow; i++, ++first) {
        -:  818:                    SET_VECTOR_ELT(out, j + ncol*i, ::Rcpp::wrap(*first));
        -:  819:		}
        -:  820:            }
        -:  821:            Shield<SEXP> dims(::Rf_allocVector(INTSXP, 2));
        -:  822:            INTEGER(dims)[0] = nrow;
        -:  823:            INTEGER(dims)[1] = ncol;
        -:  824:            ::Rf_setAttrib(out, R_DimSymbol, dims);
        -:  825:            return out;
        -:  826:        }
        -:  827:
        -:  828:	template <typename value_type, typename InputIterator>
        -:  829:        inline SEXP rowmajor_wrap__dispatch(InputIterator first, int nrow, int ncol, ::Rcpp::traits::r_type_string_tag) {
        -:  830:            Shield<SEXP> out(::Rf_allocVector(STRSXP, nrow * ncol));
        -:  831:            int i=0, j=0;
        -:  832:            for (j=0; j<ncol; j++) {
        -:  833:		for (i=0; i<nrow; i++, ++first) {
        -:  834:                    SET_STRING_ELT(out, j + ncol*i, make_charsexp(*first));
        -:  835:		}
        -:  836:            }
        -:  837:            Shield<SEXP> dims(::Rf_allocVector(INTSXP, 2));
        -:  838:            INTEGER(dims)[0] = nrow;
        -:  839:            INTEGER(dims)[1] = ncol;
        -:  840:            ::Rf_setAttrib(out, R_DimSymbol, dims);
        -:  841:            return out;
        -:  842:        }
        -:  843:
        -:  844:    	template <typename value_type, typename InputIterator>
        -:  845:        inline SEXP primitive_rowmajor_wrap__dispatch(InputIterator first, int nrow, int ncol, ::Rcpp::traits::false_type) {
        -:  846:            const int RTYPE = ::Rcpp::traits::r_sexptype_traits<value_type>::rtype;
        -:  847:            Shield<SEXP> out(::Rf_allocVector(RTYPE, nrow * ncol));
        -:  848:            value_type* ptr = r_vector_start<RTYPE>(out);
        -:  849:            int i=0, j=0;
        -:  850:            for (j=0; j<ncol; j++) {
        -:  851:		for (i=0; i<nrow; i++, ++first) {
        -:  852:                    ptr[ j + ncol*i ] = *first;
        -:  853:		}
        -:  854:            }
        -:  855:            Shield<SEXP> dims(::Rf_allocVector(INTSXP, 2));
        -:  856:            INTEGER(dims)[0] = nrow;
        -:  857:            INTEGER(dims)[1] = ncol;
        -:  858:            ::Rf_setAttrib(out, R_DimSymbol, dims);
        -:  859:            return out;
        -:  860:        }
        -:  861:	template <typename value_type, typename InputIterator>
        -:  862:        inline SEXP primitive_rowmajor_wrap__dispatch(InputIterator first, int nrow, int ncol, ::Rcpp::traits::true_type) {
        -:  863:            const int RTYPE = ::Rcpp::traits::r_sexptype_traits<value_type>::rtype;
        -:  864:            typedef typename ::Rcpp::traits::storage_type<RTYPE>::type STORAGE;
        -:  865:            Shield<SEXP> out(::Rf_allocVector(RTYPE, nrow * ncol));
        -:  866:            STORAGE* ptr = r_vector_start<RTYPE>(out);
        -:  867:            int i=0, j=0;
        -:  868:            for (j=0; j<ncol; j++) {
        -:  869:		for (i=0; i<nrow; i++, ++first) {
        -:  870:                    ptr[ j + ncol*i ] = caster<value_type,STORAGE>(*first);
        -:  871:		}
        -:  872:            }
        -:  873:            Shield<SEXP> dims(::Rf_allocVector(INTSXP, 2));
        -:  874:            INTEGER(dims)[0] = nrow;
        -:  875:            INTEGER(dims)[1] = ncol;
        -:  876:            ::Rf_setAttrib(out, R_DimSymbol, dims);
        -:  877:            return out;
        -:  878:
        -:  879:        }
        -:  880:
        -:  881:	template <typename value_type, typename InputIterator>
        -:  882:        inline SEXP rowmajor_wrap__dispatch(InputIterator first, int nrow, int ncol, ::Rcpp::traits::r_type_primitive_tag) {
        -:  883:            return primitive_rowmajor_wrap__dispatch<value_type,InputIterator>(first, nrow, ncol, typename ::Rcpp::traits::r_sexptype_needscast<value_type>());
        -:  884:        }
        -:  885:
        -:  886:    	template <typename InputIterator>
        -:  887:        inline SEXP rowmajor_wrap(InputIterator first, int nrow, int ncol) {
        -:  888:            typedef typename std::iterator_traits<InputIterator>::value_type VALUE_TYPE;
        -:  889:            return rowmajor_wrap__dispatch<VALUE_TYPE,InputIterator>(first, nrow, ncol, typename ::Rcpp::traits::r_type_traits<VALUE_TYPE>::r_category());
        -:  890:        }
        -:  891:    	// }}}
        -:  892:
        -:  893:    } // internal
        -:  894:
        -:  895:    /**
        -:  896:     * wraps an object of type T in a SEXP
        -:  897:     *
        -:  898:     * This method depends on the Rcpp::traits::wrap_type_traits trait
        -:  899:     * class to dispatch to the appropriate internal implementation
        -:  900:     * method
        -:  901:     *
        -:  902:     */
        -:  903:     template <typename T>
        -:  904:     inline SEXP wrap(const T& object);
        -:  905:
        -:  906:     template <> inline SEXP wrap<Rcpp::String>(const Rcpp::String& object);
        -:  907:
        -:  908:     template <typename T>
        -:  909:     inline SEXP module_wrap_dispatch(const T& obj, Rcpp::traits::void_wrap_tag) {
        -:  910:         return R_NilValue;
        -:  911:     }
        -:  912:
        -:  913:     // these are defined in wrap_end.h
        -:  914:     template <typename T>
        -:  915:     inline SEXP module_wrap_dispatch(const T& obj, Rcpp::traits::pointer_wrap_tag);
        -:  916:
        -:  917:     template <typename T>
        -:  918:     inline SEXP module_wrap_dispatch(const T& obj, Rcpp::traits::normal_wrap_tag);
        -:  919:
        -:  920:     template <typename T>
        -:  921:     inline SEXP module_wrap(const T& obj) {
        -:  922:         return module_wrap_dispatch<T>(obj, typename Rcpp::traits::module_wrap_traits<T>::category());
        -:  923:     }
        -:  924:     template <>
        -:  925:     inline SEXP module_wrap<SEXP>(const SEXP& obj) {
        -:  926:         return obj;
        -:  927:     }
        -:  928:
        -:  929:     inline SEXP wrap(const char* const v) {
        -:  930:         if (v != NULL)
        -:  931:             return Rf_mkString(v);
        -:  932:         else
        -:  933:             return R_NilValue; 			// #nocov
        -:  934:     }
        -:  935:
        -:  936:     /**
        -:  937:      * Range based version of wrap
        -:  938:      */
        -:  939:     template <typename InputIterator>
        -:  940:     inline SEXP wrap(InputIterator first, InputIterator last) {
        -:  941:         return internal::range_wrap(first, last);
        -:  942:     }
        -:  943:
        -:  944:} // Rcpp
        -:  945:
        -:  946:#endif
