        -:    0:Source:rcpp_prepare_objective_min_intervention_impact.cpp
        -:    0:Graph:./rcpp_prepare_objective_min_intervention_impact.gcno
        -:    0:Data:./rcpp_prepare_objective_min_intervention_impact.gcda
        -:    0:Runs:22
        -:    1:#include "Package.h"
        -:    2:#include "functions.h"
        -:    3:#include "OptimizationProblem.h"
        -:    4:
        -:    5:#include <string>
        -:    6:#include <vector>
        -:    7:#include <unordered_set>
        -:    8:#include <unordered_map>
        -:    9:#include <cmath>
        -:   10:
        -:   11:// [[Rcpp::export]]
       26:   12:Rcpp::List rcpp_prepare_objective_min_intervention_impact(
        -:   13:    SEXP x,
        -:   14:    Rcpp::DataFrame pu_data,
        -:   15:    Rcpp::DataFrame dist_actions_data,
        -:   16:    Rcpp::DataFrame dist_features_data,
        -:   17:    std::string subset_key,
        -:   18:    std::string impact_col,
        -:   19:    Rcpp::IntegerVector features_to_use,
        -:   20:    Rcpp::IntegerVector actions_to_use,
        -:   21:    std::string internal_feature_col = "internal_feature",
        -:   22:    std::string block_name = "objective_min_intervention_impact",
        -:   23:    std::string tag = ""
        -:   24:) {
       26:   25:  if (Rf_isNull(x)) {
    #####:   26:    Rcpp::stop("model_ptr is NULL.");
        -:   27:  }
        -:   28:
        -:   29:  Rcpp::XPtr<OptimizationProblem> op =
       26:   30:    Rcpp::as<Rcpp::XPtr<OptimizationProblem>>(x);
        -:   31:
       26:   32:  if (op->_obj.empty()) {
    #####:   33:    Rcpp::stop("Model has zero variables. Call rcpp_add_base_variables() first.");
        -:   34:  }
        -:   35:
        -:   36:  // ---- checks: pu_data
       26:   37:  if (!pu_data.containsElementNamed("id")) {
    #####:   38:    Rcpp::stop("pu_data must contain column 'id'.");
        -:   39:  }
        -:   40:
        -:   41:  // ---- checks: dist_actions_data
       78:   42:  for (auto nm : {"internal_pu", "internal_action"}) {
       52:   43:    if (!dist_actions_data.containsElementNamed(nm)) {
    #####:   44:      Rcpp::stop(std::string("dist_actions_data must contain column '") + nm + "'.");
        -:   45:    }
        -:   46:  }
        -:   47:
        -:   48:  // ---- checks: dist_features_data
       52:   49:  for (auto nm : {"internal_pu"}) {
       26:   50:    if (!dist_features_data.containsElementNamed(nm)) {
    #####:   51:      Rcpp::stop(std::string("dist_features_data must contain column '") + nm + "'.");
        -:   52:    }
        -:   53:  }
        -:   54:
       26:   55:  if (!dist_features_data.containsElementNamed(internal_feature_col.c_str())) {
    #####:   56:    Rcpp::stop(
    #####:   57:      "dist_features_data must contain internal feature column '" +
    #####:   58:        internal_feature_col + "'."
        -:   59:    );
        -:   60:  }
        -:   61:
       26:   62:  if (!dist_features_data.containsElementNamed(impact_col.c_str())) {
    #####:   63:    Rcpp::stop(
    #####:   64:      "dist_features_data must contain impact column '" +
    #####:   65:        impact_col + "'."
        -:   66:    );
        -:   67:  }
        -:   68:
        -:   69:  // ---- validate actions_to_use
       26:   70:  if (actions_to_use.size() <= 0) {
    #####:   71:    Rcpp::stop("actions_to_use must contain at least one positive internal action id.");
        -:   72:  }
        -:   73:
       26:   74:  std::unordered_set<int> act_subset;
       26:   75:  act_subset.reserve((std::size_t)actions_to_use.size() * 2);
        -:   76:
       78:   77:  for (int i = 0; i < actions_to_use.size(); ++i) {
       52:   78:    const int a = actions_to_use[i];
       52:   79:    if (a == NA_INTEGER || a <= 0) {
    #####:   80:      Rcpp::stop("actions_to_use must contain positive internal action ids.");
        -:   81:    }
       52:   82:    act_subset.insert(a);
        -:   83:  }
        -:   84:
        -:   85:  // ---- validate features_to_use if provided
       26:   86:  if (features_to_use.size() > 0) {
       39:   87:    for (int i = 0; i < features_to_use.size(); ++i) {
       26:   88:      const int v = features_to_use[i];
       26:   89:      if (v == NA_INTEGER || v <= 0) {
    #####:   90:        Rcpp::stop("features_to_use must contain positive internal feature ids.");
        -:   91:      }
        -:   92:    }
        -:   93:  }
        -:   94:
        -:   95:  // ---- determine n_pu
      26*:   96:  if (op->_n_pu <= 0) op->_n_pu = pu_data.nrows();
       26:   97:  if (op->_n_pu <= 0) {
    #####:   98:    Rcpp::stop("Cannot determine n_pu (op->_n_pu <= 0 and pu_data empty).");
        -:   99:  }
       26:  100:  const int n_pu = op->_n_pu;
        -:  101:
        -:  102:  // ------------------------------------------------------------------
        -:  103:  // CREATE u_intervention block if not yet created
        -:  104:  // one binary u_i per PU
        -:  105:  // ------------------------------------------------------------------
       26:  106:  bool created_u_block = false;
        -:  107:
       26:  108:  if (op->_n_u_intervention <= 0) {
       13:  109:    op->_u_intervention_offset = (int)op->_obj.size();
       13:  110:    op->_n_u_intervention = n_pu;
        -:  111:
       65:  112:    for (int i = 0; i < n_pu; ++i) {
       52:  113:      op->_obj.push_back(0.0);
      104:  114:      op->_vtype.push_back("B");
       52:  115:      op->_lb.push_back(0.0);
       52:  116:      op->_ub.push_back(1.0);
       52:  117:      op->_id_variables.push_back((double)(op->_u_intervention_offset + i + 1));
       52:  118:      op->_id_pow_variables.push_back(1.0);
        -:  119:    }
        -:  120:
       13:  121:    created_u_block = true;
        -:  122:  }
        -:  123:
       26:  124:  const int u0 = op->_u_intervention_offset;
       26:  125:  const int u1 = op->_u_intervention_offset + op->_n_u_intervention;
        -:  126:
       26:  127:  if (op->_n_u_intervention != n_pu) {
    #####:  128:    Rcpp::stop("u_intervention block exists but its size does not match n_pu.");
        -:  129:  }
        -:  130:
      26*:  131:  if (u0 < 0 || u1 > (int)op->_obj.size()) {
    #####:  132:    Rcpp::stop(
        -:  133:      "u_intervention block out of bounds. Check _u_intervention_offset/_n_u_intervention."
        -:  134:    );
        -:  135:  }
        -:  136:
        -:  137:  // ------------------------------------------------------------------
        -:  138:  // Build PU -> x indices for selected actions
        -:  139:  // ------------------------------------------------------------------
       52:  140:  Rcpp::IntegerVector da_pu = dist_actions_data["internal_pu"];
       52:  141:  Rcpp::IntegerVector da_action = dist_actions_data["internal_action"];
        -:  142:
       26:  143:  const int n_da = dist_actions_data.nrows();
      26*:  144:  if (da_pu.size() != n_da || da_action.size() != n_da) {
    #####:  145:    Rcpp::stop("Column length mismatch in dist_actions_data.");
        -:  146:  }
        -:  147:
       26:  148:  if (op->_n_x <= 0) {
    #####:  149:    op->_n_x = n_da;
        -:  150:  }
       26:  151:  if (op->_n_x != n_da) {
    #####:  152:    Rcpp::stop("dist_actions_data row count must match op->_n_x.");
        -:  153:  }
        -:  154:
       26:  155:  const int x0 = op->_x_offset;
       26:  156:  const int x1 = op->_x_offset + op->_n_x;
      26*:  157:  if (x0 < 0 || x1 > (int)op->_obj.size()) {
    #####:  158:    Rcpp::stop("x block out of bounds. Check _x_offset/_n_x.");
        -:  159:  }
        -:  160:
       26:  161:  std::vector< std::vector<int> > pu_to_x((std::size_t)n_pu);
        -:  162:
      234:  163:  for (int r = 0; r < n_da; ++r) {
      208:  164:    const int ipu = da_pu[r];
      208:  165:    const int ia  = da_action[r];
        -:  166:
     208*:  167:    if (ipu == NA_INTEGER || ia == NA_INTEGER) continue;
      208:  168:    if (ipu <= 0 || ipu > n_pu) {
    #####:  169:      Rcpp::stop("dist_actions_data has internal_pu out of range.");
        -:  170:    }
        -:  171:
     208*:  172:    if (act_subset.find(ia) == act_subset.end()) continue;
        -:  173:
      208:  174:    pu_to_x[(std::size_t)(ipu - 1)].push_back(x0 + r);
        -:  175:  }
        -:  176:
        -:  177:  // ------------------------------------------------------------------
        -:  178:  // Add linking constraints:
        -:  179:  //   x_ia <= u_i            for all selected actions
        -:  180:  //   u_i <= sum_a x_ia      for PUs having at least one selected action
        -:  181:  // This makes u_i = 1 iff some action in subset is selected.
        -:  182:  // ------------------------------------------------------------------
       52:  183:  const std::size_t cons_block_id = op->beginConstraintBlock(
       52:  184:    block_name + "::link_u",
       52:  185:    "subset_key=" + subset_key
        -:  186:  );
        -:  187:
       26:  188:  int n_link_rows = 0;
        -:  189:
      130:  190:  for (int i = 0; i < n_pu; ++i) {
      104:  191:    const int ui = u0 + i;
      104:  192:    const std::vector<int>& xs = pu_to_x[(std::size_t)i];
        -:  193:
     104*:  194:    if (xs.empty()) continue;
        -:  195:
        -:  196:    // x_ia - u_i <= 0
      312:  197:    for (std::size_t k = 0; k < xs.size(); ++k) {
      208:  198:      std::vector<int> cols;
      208:  199:      std::vector<double> vals;
        -:  200:
      208:  201:      cols.push_back(xs[k]);
      208:  202:      vals.push_back(1.0);
        -:  203:
      208:  204:      cols.push_back(ui);
      208:  205:      vals.push_back(-1.0);
        -:  206:
      624:  207:      op->addRow(cols, vals, "<=", 0.0, block_name + "::x_le_u");
      208:  208:      ++n_link_rows;
      208:  209:    }
        -:  210:
        -:  211:    // u_i - sum_a x_ia <= 0
        -:  212:    {
      104:  213:      std::vector<int> cols;
      104:  214:      std::vector<double> vals;
        -:  215:
      104:  216:      cols.push_back(ui);
      104:  217:      vals.push_back(1.0);
        -:  218:
      312:  219:      for (std::size_t k = 0; k < xs.size(); ++k) {
      208:  220:        cols.push_back(xs[k]);
      208:  221:        vals.push_back(-1.0);
        -:  222:      }
        -:  223:
      312:  224:      op->addRow(cols, vals, "<=", 0.0, block_name + "::u_le_sumx");
      104:  225:      ++n_link_rows;
      104:  226:    }
        -:  227:  }
        -:  228:
       52:  229:  op->endConstraintBlock(cons_block_id, true);
        -:  230:
        -:  231:  // ------------------------------------------------------------------
        -:  232:  // registry block (no objective modification)
        -:  233:  // ------------------------------------------------------------------
       26:  234:  std::string base_tag = tag;
      26*:  235:  if (!base_tag.empty()) base_tag += ";";
        -:  236:  base_tag +=
       52:  237:    "subset_key=" + subset_key +
       52:  238:    ";impact_col=" + impact_col +
       52:  239:    ";internal_feature_col=" + internal_feature_col +
      104:  240:    ";n_features_to_use=" + std::to_string((int)features_to_use.size()) +
      104:  241:    ";n_actions_to_use=" + std::to_string((int)actions_to_use.size()) +
      104:  242:    ";created_u_block=" + std::string(created_u_block ? "TRUE" : "FALSE") +
       26:  243:      ";prepare_only=TRUE";
        -:  244:
       52:  245:  const std::size_t u_block_id = op->register_objective_block(
       52:  246:    block_name + "::u",
        -:  247:    (std::size_t)u0,
        -:  248:    (std::size_t)u1,
        -:  249:    base_tag
        -:  250:  );
        -:  251:
        -:  252:  return Rcpp::List::create(
       78:  253:    Rcpp::Named("u_block_id") = (double)u_block_id,
      104:  254:    Rcpp::Named("u_range") = Rcpp::NumericVector::create((double)u0 + 1.0, (double)u1),
       78:  255:    Rcpp::Named("constraint_block_id") = (double)cons_block_id,
       52:  256:    Rcpp::Named("impact_col") = impact_col,
       52:  257:    Rcpp::Named("internal_feature_col") = internal_feature_col,
       78:  258:    Rcpp::Named("n_features_to_use") = features_to_use.size(),
       78:  259:    Rcpp::Named("n_actions_to_use") = actions_to_use.size(),
       52:  260:    Rcpp::Named("n_link_rows") = n_link_rows,
       52:  261:    Rcpp::Named("created_u_block") = created_u_block,
       52:  262:    Rcpp::Named("note") = "Prepared u_intervention block and linking constraints (no changes to op->_obj)."
       52:  263:  );
       26:  264:}
