        -:    0:Source:rcpp_add_action_max_per_pu.cpp
        -:    0:Graph:./rcpp_add_action_max_per_pu.gcno
        -:    0:Data:./rcpp_add_action_max_per_pu.gcda
        -:    0:Runs:22
        -:    1:#include "Package.h"
        -:    2:#include "functions.h"
        -:    3:#include "OptimizationProblem.h"
        -:    4:
        -:    5:#include <unordered_set>
        -:    6:#include <unordered_map>
        -:    7:#include <vector>
        -:    8:#include <string>
        -:    9:
        -:   10:// [[Rcpp::export]]
     3845:   11:Rcpp::List rcpp_add_action_max_per_pu(
        -:   12:    SEXP x,
        -:   13:    Rcpp::DataFrame dist_actions_data,
        -:   14:    int max_per_pu,
        -:   15:    Rcpp::IntegerVector internal_pu_ids,
        -:   16:    Rcpp::IntegerVector internal_action_ids
        -:   17:) {
     3845:   18:  Rcpp::XPtr<OptimizationProblem> op = Rcpp::as<Rcpp::XPtr<OptimizationProblem>>(x);
        -:   19:
        -:   20:  // required columns
    15380:   21:  for (auto nm : {"internal_pu", "internal_action", "internal_row"}) {
    11535:   22:    if (!dist_actions_data.containsElementNamed(nm)) {
    #####:   23:      Rcpp::stop(std::string("dist_actions_data must contain column '") + nm + "'.");
        -:   24:    }
        -:   25:  }
        -:   26:
    3845*:   27:  if (max_per_pu < 0) Rcpp::stop("max_per_pu must be >= 0.");
        -:   28:
     7690:   29:  Rcpp::IntegerVector da_ipu  = dist_actions_data["internal_pu"];
     7690:   30:  Rcpp::IntegerVector da_iact = dist_actions_data["internal_action"];
     7690:   31:  Rcpp::IntegerVector da_irow = dist_actions_data["internal_row"];
     3845:   32:  const int n_da = dist_actions_data.nrows();
        -:   33:
        -:   34:  // optional filters: internal_pu_ids / internal_action_ids
     3845:   35:  std::unordered_set<int> pu_set;
     3845:   36:  std::unordered_set<int> act_set;
     3845:   37:  bool filter_pu = (internal_pu_ids.size() > 0);
     3845:   38:  bool filter_act = (internal_action_ids.size() > 0);
        -:   39:
     3845:   40:  if (filter_pu) {
    #####:   41:    pu_set.reserve((std::size_t)internal_pu_ids.size() * 2);
    #####:   42:    for (int i = 0; i < internal_pu_ids.size(); ++i) pu_set.insert((int)internal_pu_ids[i]);
        -:   43:  }
     3845:   44:  if (filter_act) {
    #####:   45:    act_set.reserve((std::size_t)internal_action_ids.size() * 2);
    #####:   46:    for (int i = 0; i < internal_action_ids.size(); ++i) act_set.insert((int)internal_action_ids[i]);
        -:   47:  }
        -:   48:
        -:   49:  // group x variable columns by internal_pu
        -:   50:  // x column index assumed: op->_x_offset + (internal_row-1)
     3845:   51:  std::unordered_map<int, std::vector<int>> cols_by_pu;
    3845*:   52:  cols_by_pu.reserve((std::size_t) (filter_pu ? internal_pu_ids.size() : 1024));
        -:   53:
    31168:   54:  for (int r = 0; r < n_da; ++r) {
    27323:   55:    const int ipu = da_ipu[r];
    27323:   56:    const int ia  = da_iact[r];
    27323:   57:    const int irow = da_irow[r];
        -:   58:
    27323:   59:    if (ipu <= 0 || ia <= 0 || irow <= 0) {
    #####:   60:      Rcpp::stop("dist_actions_data internal_* must be positive 1-based.");
        -:   61:    }
        -:   62:
   27323*:   63:    if (filter_pu && pu_set.find(ipu) == pu_set.end()) continue;
   27323*:   64:    if (filter_act && act_set.find(ia) == act_set.end()) continue;
        -:   65:
    27323:   66:    cols_by_pu[ipu].push_back((int)(op->_x_offset + (irow - 1)));
        -:   67:  }
        -:   68:
        -:   69:  // registry: begin constraint block
     3845:   70:  const std::size_t row_start = op->nrow_used();
        -:   71:  std::string tag =
        -:   72:    "mode=action_max_per_pu"
     7690:   73:    ";max=" + std::to_string(max_per_pu) +
    15380:   74:      ";n_da=" + std::to_string(n_da) +
    15380:   75:      ";filter_pu=" + std::to_string((int)filter_pu) +
    11535:   76:      ";filter_act=" + std::to_string((int)filter_act);
        -:   77:
     7690:   78:  const std::size_t bid = op->beginConstraintBlock("action_max_per_pu", tag);
        -:   79:
     3845:   80:  int added = 0;
        -:   81:
        -:   82:  // Add one row per PU that appears in cols_by_pu
    19293:   83:  for (auto &kv : cols_by_pu) {
        -:   84:    // const int ipu = kv.first;
    15448:   85:    std::vector<int> &cols = kv.second;
        -:   86:
   15448*:   87:    if (cols.empty()) continue; // 0 <= max, skip
        -:   88:
    15448:   89:    std::vector<double> vals(cols.size(), 1.0);
        -:   90:
        -:   91:    // stable name (block name) - could also include ipu if you want
    15448:   92:    std::string cname = "action_max_per_pu";
        -:   93:
    30896:   94:    op->addRow(cols, vals, "<=", (double)max_per_pu, cname);
    15448:   95:    ++added;
    15448:   96:  }
        -:   97:
     3845:   98:  const std::size_t row_end = op->nrow_used();
    11535:   99:  op->endConstraintBlock(bid);
        -:  100:
     3845:  101:  auto range_to_R = [](std::size_t start0, std::size_t end0) {
    3845*:  102:    if (end0 <= start0) return Rcpp::NumericVector::create(NA_REAL, NA_REAL);
        -:  103:    return Rcpp::NumericVector::create(
    #####:  104:      static_cast<double>(start0 + 1), // 1-based start
     3845:  105:      static_cast<double>(end0)        // 1-based end
     3845:  106:    );
        -:  107:  };
        -:  108:
        -:  109:  return Rcpp::List::create(
     7690:  110:    Rcpp::Named("n_constraints_added") = added,
    11535:  111:    Rcpp::Named("block_id") = static_cast<double>(bid),
    15380:  112:    Rcpp::Named("row_range") = range_to_R(row_start, row_end),
     7690:  113:    Rcpp::Named("tag") = tag
     7690:  114:  );
     3845:  115:}
