        -:    0:Source:C:/Program Files/R/R-4.4.1/library/RcppArmadillo/include/current/armadillo_bits/arma_forward.hpp
        -:    0:Graph:./functions.gcno
        -:    0:Data:./functions.gcda
        -:    0:Runs:22
        -:    1:// SPDX-License-Identifier: Apache-2.0
        -:    2:// 
        -:    3:// Copyright 2008-2016 Conrad Sanderson (https://conradsanderson.id.au)
        -:    4:// Copyright 2008-2016 National ICT Australia (NICTA)
        -:    5:// 
        -:    6:// Licensed under the Apache License, Version 2.0 (the "License");
        -:    7:// you may not use this file except in compliance with the License.
        -:    8:// You may obtain a copy of the License at
        -:    9:// https://www.apache.org/licenses/LICENSE-2.0
        -:   10:// 
        -:   11:// Unless required by applicable law or agreed to in writing, software
        -:   12:// distributed under the License is distributed on an "AS IS" BASIS,
        -:   13:// WITHOUT WARRANTIES OR CONDITIONS OF ANY KIND, either express or implied.
        -:   14:// See the License for the specific language governing permissions and
        -:   15:// limitations under the License.
        -:   16:// ------------------------------------------------------------------------
        -:   17:
        -:   18:
        -:   19:using std::cout;
        -:   20:using std::cerr;
        -:   21:using std::endl;
        -:   22:using std::ios;
        -:   23:using std::size_t;
        -:   24:
        -:   25:template<typename elem_type, typename derived> struct Base;
        -:   26:template<typename elem_type, typename derived> struct BaseCube;
        -:   27:
        -:   28:template<typename eT> class Mat;
        -:   29:template<typename eT> class Col;
        -:   30:template<typename eT> class Row;
        -:   31:template<typename eT> class Cube;
        -:   32:template<typename oT> class field;
        -:   33:
        -:   34:template<typename eT>               struct xvec_htrans;
        -:   35:template<typename eT, bool do_conj> struct xtrans_mat;
        -:   36:
        -:   37:template<typename eT> class subview;
        -:   38:template<typename eT> class subview_col;
        -:   39:template<typename eT> class subview_cols;
        -:   40:template<typename eT> class subview_row;
        -:   41:template<typename eT> class subview_row_strans;
        -:   42:template<typename eT> class subview_row_htrans;
        -:   43:template<typename eT> class subview_cube;
        -:   44:template<typename oT> class subview_field;
        -:   45:
        -:   46:template<typename eT> class SpValProxy;
        -:   47:template<typename eT> class SpMat;
        -:   48:template<typename eT> class SpCol;
        -:   49:template<typename eT> class SpRow;
        -:   50:template<typename eT> class SpSubview;
        -:   51:template<typename eT> class SpSubview_col;
        -:   52:template<typename eT> class SpSubview_row;
        -:   53:
        -:   54:template<typename eT> class diagview;
        -:   55:template<typename eT> class spdiagview;
        -:   56:
        -:   57:template<typename eT> class MapMat;
        -:   58:template<typename eT> class MapMat_val;
        -:   59:template<typename eT> class SpMat_MapMat_val;
        -:   60:template<typename eT> class SpSubview_MapMat_val;
        -:   61:
        -:   62:template<typename eT, typename T1>              class subview_elem1;
        -:   63:template<typename eT, typename T1, typename T2> class subview_elem2;
        -:   64:
        -:   65:template<typename parent, unsigned int mode>              class subview_each1;
        -:   66:template<typename parent, unsigned int mode, typename TB> class subview_each2;
        -:   67:
        -:   68:template<typename eT>              class subview_cube_each1;
        -:   69:template<typename eT, typename TB> class subview_cube_each2;
        -:   70:template<typename eT, typename T1> class subview_cube_slices;
        -:   71:
        -:   72:template<typename eT, typename T1> class SpSubview_col_list;
        -:   73:
        -:   74:
        -:   75:template<typename eT> class   Mat_noalias;
        -:   76:template<typename eT> class SpMat_noalias;
        -:   77:
        -:   78:
        -:   79:struct SizeMat;
        -:   80:struct SizeCube;
        -:   81:
        -:   82:struct arma_empty_class {};
        -:   83:
        -:   84:struct diskio;
        -:   85:
        -:   86:struct op_strans;
        -:   87:struct op_htrans;
        -:   88:struct op_htrans2;
        -:   89:struct op_inv_gen_default;
        -:   90:struct op_inv_spd_default;
        -:   91:struct op_inv_gen_full;
        -:   92:struct op_inv_spd_full;
        -:   93:struct op_diagmat;
        -:   94:struct op_trimat;
        -:   95:struct op_vectorise_row;
        -:   96:struct op_vectorise_col;
        -:   97:struct op_symmatu;
        -:   98:struct op_symmatl;
        -:   99:struct op_omit;
        -:  100:
        -:  101:struct op_row_as_mat;
        -:  102:struct op_col_as_mat;
        -:  103:
        -:  104:struct glue_times;
        -:  105:struct glue_times_diag;
        -:  106:
        -:  107:struct glue_rel_lt;
        -:  108:struct glue_rel_gt;
        -:  109:struct glue_rel_lteq;
        -:  110:struct glue_rel_gteq;
        -:  111:struct glue_rel_eq;
        -:  112:struct glue_rel_noteq;
        -:  113:struct glue_rel_and;
        -:  114:struct glue_rel_or;
        -:  115:
        -:  116:struct op_rel_lt_pre;
        -:  117:struct op_rel_lt_post;
        -:  118:struct op_rel_gt_pre;
        -:  119:struct op_rel_gt_post;
        -:  120:struct op_rel_lteq_pre;
        -:  121:struct op_rel_lteq_post;
        -:  122:struct op_rel_gteq_pre;
        -:  123:struct op_rel_gteq_post;
        -:  124:struct op_rel_eq;
        -:  125:struct op_rel_noteq;
        -:  126:
        -:  127:struct gen_eye;
        -:  128:struct gen_ones;
        -:  129:struct gen_zeros;
        -:  130:
        -:  131:
        -:  132:
        -:  133:struct spop_strans;
        -:  134:struct spop_htrans;
        -:  135:struct spop_vectorise_row;
        -:  136:struct spop_vectorise_col;
        -:  137:struct spop_square;
        -:  138:
        -:  139:struct spop_rel_lt_pre;
        -:  140:struct spop_rel_lt_post;
        -:  141:struct spop_rel_gt_pre;
        -:  142:struct spop_rel_gt_post;
        -:  143:struct spop_rel_lteq_pre;
        -:  144:struct spop_rel_lteq_post;
        -:  145:struct spop_rel_gteq_pre;
        -:  146:struct spop_rel_gteq_post;
        -:  147:struct spop_rel_eq;
        -:  148:struct spop_rel_noteq;
        -:  149:
        -:  150:struct spglue_plus;
        -:  151:struct spglue_minus;
        -:  152:struct spglue_schur;
        -:  153:struct spglue_times;
        -:  154:struct spglue_max;
        -:  155:struct spglue_min;
        -:  156:struct spglue_rel_lt;
        -:  157:struct spglue_rel_gt;
        -:  158:
        -:  159:struct op_sp_as_dense;
        -:  160:
        -:  161:struct op_internal_equ;
        -:  162:struct op_internal_plus;
        -:  163:struct op_internal_minus;
        -:  164:struct op_internal_schur;
        -:  165:struct op_internal_div;
        -:  166:
        -:  167:
        -:  168:
        -:  169:struct traits_op_default
        -:  170:  {
        -:  171:  template<typename T1>
        -:  172:  struct traits
        -:  173:    {
        -:  174:    static constexpr bool is_row  = false;
        -:  175:    static constexpr bool is_col  = false;
        -:  176:    static constexpr bool is_xvec = false;
        -:  177:    };
        -:  178:  };
        -:  179:
        -:  180:
        -:  181:struct traits_op_xvec
        -:  182:  {
        -:  183:  template<typename T1>
        -:  184:  struct traits
        -:  185:    {
        -:  186:    static constexpr bool is_row  = false;
        -:  187:    static constexpr bool is_col  = false;
        -:  188:    static constexpr bool is_xvec = true;
        -:  189:    };
        -:  190:  };
        -:  191:
        -:  192:
        -:  193:struct traits_op_col
        -:  194:  {
        -:  195:  template<typename T1>
        -:  196:  struct traits
        -:  197:    {
        -:  198:    static constexpr bool is_row  = false;
        -:  199:    static constexpr bool is_col  = true;
        -:  200:    static constexpr bool is_xvec = false;
        -:  201:    };
        -:  202:  };
        -:  203:
        -:  204:
        -:  205:struct traits_op_row
        -:  206:  {
        -:  207:  template<typename T1>
        -:  208:  struct traits
        -:  209:    {
        -:  210:    static constexpr bool is_row  = true;
        -:  211:    static constexpr bool is_col  = false;
        -:  212:    static constexpr bool is_xvec = false;
        -:  213:    };
        -:  214:  };
        -:  215:
        -:  216:
        -:  217:struct traits_op_passthru
        -:  218:  {
        -:  219:  template<typename T1>
        -:  220:  struct traits
        -:  221:    {
        -:  222:    static constexpr bool is_row  = T1::is_row;
        -:  223:    static constexpr bool is_col  = T1::is_col;
        -:  224:    static constexpr bool is_xvec = T1::is_xvec;
        -:  225:    };
        -:  226:  };
        -:  227:
        -:  228:
        -:  229:struct traits_glue_default
        -:  230:  {
        -:  231:  template<typename T1, typename T2>
        -:  232:  struct traits
        -:  233:    {
        -:  234:    static constexpr bool is_row  = false;
        -:  235:    static constexpr bool is_col  = false;
        -:  236:    static constexpr bool is_xvec = false;
        -:  237:    };
        -:  238:  };
        -:  239:
        -:  240:
        -:  241:struct traits_glue_or
        -:  242:  {
        -:  243:  template<typename T1, typename T2>
        -:  244:  struct traits
        -:  245:    {
        -:  246:    static constexpr bool is_row  = (T1::is_row  || T2::is_row );
        -:  247:    static constexpr bool is_col  = (T1::is_col  || T2::is_col );
        -:  248:    static constexpr bool is_xvec = (T1::is_xvec || T2::is_xvec);
        -:  249:    };
        -:  250:  };
        -:  251:
        -:  252:
        -:  253:
        -:  254:template<const bool, const bool, const bool, const bool> struct gemm;
        -:  255:template<const bool, const bool, const bool>             struct gemv;
        -:  256:
        -:  257:
        -:  258:template<                 typename eT, typename gen_type> struct         Gen; 
        -:  259:
        -:  260:template<                 typename T1, typename  op_type> struct          Op; 
        -:  261:template<                 typename T1, typename eop_type> struct         eOp;
        -:  262:template<                 typename T1, typename  op_type> struct     SpToDOp; 
        -:  263:template<                 typename T1, typename  op_type> struct CubeToMatOp;
        -:  264:template<typename out_eT, typename T1, typename  op_type> struct        mtOp;
        -:  265:
        -:  266:template<                 typename T1, typename T2, typename  glue_type> struct      Glue;
        -:  267:template<                 typename T1, typename T2, typename eglue_type> struct     eGlue;
        -:  268:template<                 typename T1, typename T2, typename  glue_type> struct SpToDGlue;
        -:  269:template<typename out_eT, typename T1, typename T2, typename  glue_type> struct    mtGlue;
        -:  270:
        -:  271:
        -:  272:
        -:  273:template<                 typename eT, typename gen_type> struct  GenCube; 
        -:  274:
        -:  275:template<                 typename T1, typename  op_type> struct   OpCube; 
        -:  276:template<                 typename T1, typename eop_type> struct  eOpCube; 
        -:  277:template<typename out_eT, typename T1, typename  op_type> struct mtOpCube;
        -:  278:
        -:  279:template<                 typename T1, typename T2, typename  glue_type> struct   GlueCube;
        -:  280:template<                 typename T1, typename T2, typename eglue_type> struct  eGlueCube;
        -:  281:template<typename out_eT, typename T1, typename T2, typename  glue_type> struct mtGlueCube;
        -:  282:
        -:  283:
        -:  284:template<typename T1> struct Proxy;
        -:  285:template<typename T1> struct ProxyCube;
        -:  286:
        -:  287:template<typename T1> struct diagmat_proxy;
        -:  288:
        -:  289:template<typename T1> struct unwrap;
        -:  290:template<typename T1> struct quasi_unwrap;
        -:  291:template<typename T1> struct unwrap_cube;
        -:  292:template<typename T1> struct unwrap_spmat;
        -:  293:
        -:  294:
        -:  295:
        -:  296:
        -:  297:struct state_type
        -:  298:  {
        -:  299:  #if   defined(ARMA_USE_OPENMP)
        -:  300:                int  state;
        -:  301:  #elif defined(ARMA_USE_STD_MUTEX)
        -:  302:    std::atomic<int> state;
        -:  303:  #else
        -:  304:                int  state;
        -:  305:  #endif
        -:  306:  
    #####:  307:  arma_inline state_type() : state(int(0)) {}
        -:  308:  
        -:  309:  // openmp: "omp atomic" does an implicit flush on the affected variable
        -:  310:  // C++11:  std::atomic<>::load() and std::atomic<>::store() use std::memory_order_seq_cst by default, which has an implied fence
        -:  311:  
        -:  312:  arma_inline
        -:  313:  operator int () const
        -:  314:    {
        -:  315:    int out;
        -:  316:    
        -:  317:    #if   defined(ARMA_USE_OPENMP)
        -:  318:      #pragma omp atomic read seq_cst
        -:  319:      out = state;
        -:  320:    #elif defined(ARMA_USE_STD_MUTEX)
    #####:  321:      out = state.load();
        -:  322:    #else
        -:  323:      out = state;
        -:  324:    #endif
        -:  325:    
    #####:  326:    return out;
        -:  327:    }
        -:  328:  
        -:  329:  arma_inline
        -:  330:  void
        -:  331:  operator= (const int in_state)
        -:  332:    {
        -:  333:    #if   defined(ARMA_USE_OPENMP)
        -:  334:      #pragma omp atomic write seq_cst
        -:  335:      state = in_state;
        -:  336:    #elif defined(ARMA_USE_STD_MUTEX)
    #####:  337:      state.store(in_state);
        -:  338:    #else
        -:  339:      state = in_state;
        -:  340:    #endif
    #####:  341:    }
        -:  342:  };
        -:  343:
        -:  344:
        -:  345:template<                 typename T1, typename spop_type> struct   SpOp;
        -:  346:template<typename out_eT, typename T1, typename spop_type> struct mtSpOp;
        -:  347:template<typename out_eT, typename T1, typename   op_type> struct mtSpReduceOp;
        -:  348:
        -:  349:template<                 typename T1, typename T2, typename spglue_type> struct   SpGlue;
        -:  350:template<typename out_eT, typename T1, typename T2, typename spglue_type> struct mtSpGlue;
        -:  351:
        -:  352:
        -:  353:template<typename T1> struct SpProxy;
        -:  354:
        -:  355:
        -:  356:
        -:  357:struct arma_vec_indicator     {};
        -:  358:struct arma_fixed_indicator   {};
        -:  359:struct arma_reserve_indicator {};
        -:  360:struct arma_layout_indicator  {};
        -:  361:
        -:  362:template<bool do_zeros> struct arma_initmode_indicator {};
        -:  363:
        -:  364:struct arma_zeros_indicator   : public arma_initmode_indicator<true > {};
        -:  365:struct arma_nozeros_indicator : public arma_initmode_indicator<false> {};
        -:  366:
        -:  367:
        -:  368:
        -:  369://! \addtogroup injector
        -:  370://! @{
        -:  371:
        -:  372:template<typename Dummy = int> struct injector_end_of_row {};
        -:  373:
        -:  374:// DEPRECATED: DO NOT USE IN NEW CODE
        -:  375:static const injector_end_of_row<> endr = injector_end_of_row<>();
        -:  376://!< endr indicates "end of row" when using the << operator;
        -:  377://!< similar conceptual meaning to std::endl
        -:  378:
        -:  379://! @}
        -:  380:
        -:  381:
        -:  382:
        -:  383://! \addtogroup diskio
        -:  384://! @{
        -:  385:
        -:  386:
        -:  387:enum struct file_type : unsigned int
        -:  388:  {
        -:  389:  file_type_unknown,
        -:  390:  auto_detect,        //!< attempt to automatically detect the file type
        -:  391:  raw_ascii,          //!< raw text (ASCII), without a header
        -:  392:  arma_ascii,         //!< Armadillo text format, with a header specifying matrix type and size
        -:  393:  csv_ascii,          //!< comma separated values (CSV), without a header
        -:  394:  raw_binary,         //!< raw binary format (machine dependent), without a header
        -:  395:  arma_binary,        //!< Armadillo binary format (machine dependent), with a header specifying matrix type and size
        -:  396:  pgm_binary,         //!< Portable Grey Map (greyscale image)
        -:  397:  ppm_binary,         //!< Portable Pixel Map (colour image), used by the field and cube classes
        -:  398:  hdf5_binary,        //!< HDF5: open binary format, not specific to Armadillo, which can store arbitrary data
        -:  399:  hdf5_binary_trans,  //!< [NOTE: DO NOT USE - deprecated] as per hdf5_binary, but save/load the data with columns transposed to rows
        -:  400:  coord_ascii,        //!< simple co-ordinate format for sparse matrices (indices start at zero)
        -:  401:  ssv_ascii,          //!< similar to csv_ascii; uses semicolon (;) instead of comma (,) as the separator
        -:  402:  };
        -:  403:
        -:  404:
        -:  405:static constexpr file_type file_type_unknown  = file_type::file_type_unknown;
        -:  406:static constexpr file_type auto_detect        = file_type::auto_detect;
        -:  407:static constexpr file_type raw_ascii          = file_type::raw_ascii;
        -:  408:static constexpr file_type arma_ascii         = file_type::arma_ascii;
        -:  409:static constexpr file_type csv_ascii          = file_type::csv_ascii;
        -:  410:static constexpr file_type raw_binary         = file_type::raw_binary;
        -:  411:static constexpr file_type arma_binary        = file_type::arma_binary;
        -:  412:static constexpr file_type pgm_binary         = file_type::pgm_binary;
        -:  413:static constexpr file_type ppm_binary         = file_type::ppm_binary;
        -:  414:static constexpr file_type hdf5_binary        = file_type::hdf5_binary;
        -:  415:static constexpr file_type hdf5_binary_trans  = file_type::hdf5_binary_trans;
        -:  416:static constexpr file_type coord_ascii        = file_type::coord_ascii;
        -:  417:static constexpr file_type ssv_ascii          = file_type::ssv_ascii;
        -:  418:
        -:  419:
        -:  420:struct hdf5_name;
        -:  421:struct  csv_name;
        -:  422:
        -:  423:
        -:  424://! @}
        -:  425:
        -:  426:
        -:  427:
        -:  428://! \addtogroup fn_spsolve
        -:  429://! @{
        -:  430:
        -:  431:
        -:  432:struct spsolve_opts_base
        -:  433:  {
        -:  434:  const unsigned int id;
        -:  435:  
        -:  436:  inline spsolve_opts_base(const unsigned int in_id) : id(in_id) {}
        -:  437:  };
        -:  438:
        -:  439:
        -:  440:struct spsolve_opts_none : public spsolve_opts_base
        -:  441:  {
        -:  442:  inline spsolve_opts_none() : spsolve_opts_base(0) {}
        -:  443:  };
        -:  444:
        -:  445:
        -:  446:struct superlu_opts : public spsolve_opts_base
        -:  447:  {
        -:  448:  typedef enum {NATURAL, MMD_ATA, MMD_AT_PLUS_A, COLAMD} permutation_type;
        -:  449:  
        -:  450:  typedef enum {REF_NONE, REF_SINGLE, REF_DOUBLE, REF_EXTRA} refine_type;
        -:  451:  
        -:  452:  bool             allow_ugly;
        -:  453:  bool             equilibrate;
        -:  454:  bool             symmetric;
        -:  455:  double           pivot_thresh;
        -:  456:  permutation_type permutation;
        -:  457:  refine_type      refine;
        -:  458:  
        -:  459:  inline superlu_opts()
        -:  460:    : spsolve_opts_base(1)
        -:  461:    {
        -:  462:    allow_ugly   = false;
        -:  463:    equilibrate  = false;
        -:  464:    symmetric    = false;
        -:  465:    pivot_thresh = 1.0;
        -:  466:    permutation  = COLAMD;
        -:  467:    refine       = REF_NONE;
        -:  468:    }
        -:  469:  };
        -:  470:
        -:  471:
        -:  472://! @}
        -:  473:
        -:  474:
        -:  475:
        -:  476://! \ingroup fn_eigs_sym fs_eigs_gen
        -:  477://! @{
        -:  478:
        -:  479:
        -:  480:struct eigs_opts
        -:  481:  {
        -:  482:  double       tol;     // tolerance
        -:  483:  unsigned int maxiter; // max iterations
        -:  484:  unsigned int subdim;  // subspace dimension
        -:  485:  
        -:  486:  inline eigs_opts()
        -:  487:    {
        -:  488:    tol     = 0.0;
        -:  489:    maxiter = 1000;
        -:  490:    subdim  = 0;
        -:  491:    }
        -:  492:  };
        -:  493:
        -:  494:
        -:  495://! @}
