        -:    0:Source:rcpp_prepare_objective_min_cost.cpp
        -:    0:Graph:./rcpp_prepare_objective_min_cost.gcno
        -:    0:Data:./rcpp_prepare_objective_min_cost.gcda
        -:    0:Runs:22
        -:    1:#include "Package.h"
        -:    2:#include "functions.h"
        -:    3:#include "OptimizationProblem.h"
        -:    4:
        -:    5:#include <algorithm>
        -:    6:#include <cmath>
        -:    7:#include <string>
        -:    8:
        -:    9:// [[Rcpp::export]]
     2788:   10:Rcpp::List rcpp_prepare_objective_min_cost(
        -:   11:    SEXP x,
        -:   12:    Rcpp::DataFrame pu_data,
        -:   13:    Rcpp::DataFrame dist_actions_data,
        -:   14:    bool include_pu_cost = true,
        -:   15:    bool include_action_cost = true,
        -:   16:    std::string block_name = "objective_min_cost",
        -:   17:    std::string tag = ""
        -:   18:) {
     2788:   19:  Rcpp::XPtr<OptimizationProblem> op = Rcpp::as<Rcpp::XPtr<OptimizationProblem>>(x);
        -:   20:
     2788:   21:  if (op->ncol_used() == 0) {
    #####:   22:    Rcpp::stop("Model has zero variables. Build base variables first.");
        -:   23:  }
        -:   24:
        -:   25:  // Defensive checks for offsets
    2788*:   26:  if (op->_w_offset < 0 || op->_x_offset < 0) {
    #####:   27:    Rcpp::stop("Offsets not initialized (w/x).");
        -:   28:  }
        -:   29:
        -:   30:  // ---- validate required columns
     2788:   31:  const int n_pu = pu_data.nrows();
        -:   32:
     2788:   33:  if (include_pu_cost) {
     2788:   34:    if (!pu_data.containsElementNamed("cost")) {
    #####:   35:      Rcpp::stop("pu_data must contain column 'cost' when include_pu_cost=TRUE.");
        -:   36:    }
        -:   37:  }
        -:   38:
        -:   39:  // -----------------------------
        -:   40:  // Determine w range (w = one per PU)
        -:   41:  // -----------------------------
     2788:   42:  const std::size_t w0 = (std::size_t)op->_w_offset;
     2788:   43:  const std::size_t w1 = w0 + (std::size_t)n_pu; // exclusive
        -:   44:
     2788:   45:  if (w1 > (std::size_t)op->ncol_used()) {
    #####:   46:    Rcpp::stop("w block out of bounds: w_offset + n_pu exceeds ncol_used.");
        -:   47:  }
        -:   48:
        -:   49:  // -----------------------------
        -:   50:  // Determine x range from internal_row (x = one per dist_actions row)
        -:   51:  // (We use max(internal_row) so you can have sparse/filtered dist_actions)
        -:   52:  // -----------------------------
     2788:   53:  int max_row1 = 0;
        -:   54:
     2788:   55:  if (dist_actions_data.nrows() > 0) {
     2788:   56:    if (!dist_actions_data.containsElementNamed("internal_row")) {
    #####:   57:      Rcpp::stop("dist_actions_data must contain column 'internal_row'.");
        -:   58:    }
     5576:   59:    Rcpp::IntegerVector irow = dist_actions_data["internal_row"];
    21836:   60:    for (int k = 0; k < irow.size(); ++k) {
    19048:   61:      const int r1 = irow[k];
   19048*:   62:      if (r1 == NA_INTEGER) continue;
   19048*:   63:      if (r1 <= 0) Rcpp::stop("internal_row must be positive 1-based.");
    19048:   64:      if (r1 > max_row1) max_row1 = r1;
        -:   65:    }
     2788:   66:  }
        -:   67:
     2788:   68:  const std::size_t x0 = (std::size_t)op->_x_offset;
     2788:   69:  std::size_t x1 = x0; // exclusive
        -:   70:
     2788:   71:  if (max_row1 > 0) {
     2788:   72:    x1 = x0 + (std::size_t)max_row1; // internal_row is 1..max_row1
     2788:   73:    if (x1 > (std::size_t)op->ncol_used()) {
    #####:   74:      Rcpp::stop("x block out of bounds: x_offset + max(internal_row) exceeds ncol_used.");
        -:   75:    }
        -:   76:  }
        -:   77:
     2788:   78:  if (include_action_cost) {
     2788:   79:    if (!dist_actions_data.containsElementNamed("cost")) {
    #####:   80:      Rcpp::stop("dist_actions_data must contain column 'cost' when include_action_cost=TRUE.");
        -:   81:    }
     2788:   82:    if (!dist_actions_data.containsElementNamed("internal_row")) {
    #####:   83:      Rcpp::stop("dist_actions_data must contain column 'internal_row' when include_action_cost=TRUE.");
        -:   84:    }
        -:   85:  }
        -:   86:
        -:   87:  // -----------------------------
        -:   88:  // Build a stable tag (NO side effects; just metadata)
        -:   89:  // -----------------------------
     2788:   90:  std::string full_tag = tag;
    2788*:   91:  if (!full_tag.empty()) full_tag += ";";
        -:   92:  full_tag +=
        -:   93:    "modelsense=min"
    5576*:   94:    ";include_pu_cost=" + std::string(include_pu_cost ? "true" : "false") +
   11152*:   95:      ";include_action_cost=" + std::string(include_action_cost ? "true" : "false") +
    11152:   96:        ";n_pu=" + std::to_string(n_pu) +
     8364:   97:        ";max_internal_row=" + std::to_string(max_row1);
        -:   98:
        -:   99:  // Return a "prep object" for add_* (no mutation)
        -:  100:  return Rcpp::List::create(
     8364:  101:    Rcpp::Named("ok") = true,
    11152:  102:    Rcpp::Named("modelsense") = std::string("min"),
     5576:  103:    Rcpp::Named("block_name") = block_name,
     5576:  104:    Rcpp::Named("tag") = full_tag,
     5576:  105:    Rcpp::Named("include_pu_cost") = include_pu_cost,
     5576:  106:    Rcpp::Named("include_action_cost") = include_action_cost,
     5576:  107:    Rcpp::Named("n_pu") = n_pu,
     5576:  108:    Rcpp::Named("max_internal_row") = max_row1,
        -:  109:    // 1-based ranges for R friendliness (same style you used)
    11152:  110:    Rcpp::Named("w_range") = Rcpp::NumericVector::create((double)w0 + 1.0, (double)w1),
     5576:  111:    Rcpp::Named("x_range") = (max_row1 > 0)
    5576*:  112:    ? Rcpp::NumericVector::create((double)x0 + 1.0, (double)x1)
     2788:  113:      : Rcpp::NumericVector::create(NA_REAL, NA_REAL),
        -:  114:        // 0-based offsets to be used directly in C++
     8364:  115:        Rcpp::Named("w0") = (double)w0,
     8364:  116:        Rcpp::Named("w1") = (double)w1,
     8364:  117:        Rcpp::Named("x0") = (double)x0,
    8364*:  118:        Rcpp::Named("x1") = (max_row1 > 0) ? (double)x1 : NA_REAL
     5576:  119:  );
     2788:  120:}
